<?xml version="1.0" encoding="UTF-8"?>
<robot generator="Robot 6.0.2 (Python 3.9.0 on win32)" generated="20230313 11:14:00.787" rpa="false" schemaversion="3">
<suite id="s1" name="Tagging" source="C:\Users\KloverCloud\PycharmProjects\Robot_Framework_With_Python\Basic\Grouping\tagging.robot">
<test id="s1-t1" name="TC1 User RegistrationTest" line="5">
<kw name="Log To Console" library="BuiltIn">
<arg>This is user reg test</arg>
<doc>Logs the given message to the console.</doc>
<status status="PASS" starttime="20230313 11:14:00.810" endtime="20230313 11:14:00.810"/>
</kw>
<kw name="Log To Console" library="BuiltIn">
<arg>user reg test is over</arg>
<doc>Logs the given message to the console.</doc>
<status status="PASS" starttime="20230313 11:14:00.810" endtime="20230313 11:14:00.811"/>
</kw>
<tag>sanity</tag>
<status status="PASS" starttime="20230313 11:14:00.809" endtime="20230313 11:14:00.811"/>
</test>
<test id="s1-t2" name="TC4 User LogOutTest" line="20">
<kw name="Log To Console" library="BuiltIn">
<arg>This is user LogOut test</arg>
<doc>Logs the given message to the console.</doc>
<status status="PASS" starttime="20230313 11:14:00.814" endtime="20230313 11:14:00.815"/>
</kw>
<kw name="Log To Console" library="BuiltIn">
<arg>user LogOut test is over</arg>
<doc>Logs the given message to the console.</doc>
<status status="PASS" starttime="20230313 11:14:00.815" endtime="20230313 11:14:00.815"/>
</kw>
<tag>sanity</tag>
<status status="PASS" starttime="20230313 11:14:00.814" endtime="20230313 11:14:00.816"/>
</test>
<status status="PASS" starttime="20230313 11:14:00.788" endtime="20230313 11:14:00.817"/>
</suite>
<statistics>
<total>
<stat pass="2" fail="0" skip="0">All Tests</stat>
</total>
<tag>
<stat pass="2" fail="0" skip="0">sanity</stat>
</tag>
<suite>
<stat pass="2" fail="0" skip="0" id="s1" name="Tagging">Tagging</stat>
</suite>
</statistics>
<errors>
</errors>
</robot>
