<?xml version="1.0" encoding="UTF-8"?>
<robot generator="Robot 6.0.2 (Python 3.9.0 on win32)" generated="20230306 17:07:57.282" rpa="false" schemaversion="3">
<suite id="s1" name="implicitWait" source="C:\Users\KloverCloud\PycharmProjects\Robot_Framework_With_Python\Basic\speedTest\implicitWait.robot">
<test id="s1-t1" name="Timeout Test" line="10">
<kw name="Open Browser" library="SeleniumLibrary">
<arg>${url}</arg>
<arg>${browser}</arg>
<doc>Opens a new browser instance to the optional ``url``.</doc>
<msg timestamp="20230306 17:07:57.458" level="INFO">Opening browser 'chrome' to base url 'https://demowebshop.tricentis.com/register'.</msg>
<status status="PASS" starttime="20230306 17:07:57.458" endtime="20230306 17:08:00.912"/>
</kw>
<kw name="Maximize Browser Window" library="SeleniumLibrary">
<doc>Maximizes current browser window.</doc>
<status status="PASS" starttime="20230306 17:08:00.913" endtime="20230306 17:08:01.029"/>
</kw>
<kw name="Get Selenium Implicit Wait" library="SeleniumLibrary">
<var>${ImplicitTime}</var>
<doc>Gets the implicit wait value used by Selenium.</doc>
<msg timestamp="20230306 17:08:01.029" level="INFO">${ImplicitTime} = 0 seconds</msg>
<status status="PASS" starttime="20230306 17:08:01.029" endtime="20230306 17:08:01.029"/>
</kw>
<kw name="Log To Console" library="BuiltIn">
<arg>${ImplicitTime}</arg>
<doc>Logs the given message to the console.</doc>
<status status="PASS" starttime="20230306 17:08:01.029" endtime="20230306 17:08:01.029"/>
</kw>
<kw name="Set Selenium Implicit Wait" library="SeleniumLibrary">
<arg>10 seconds</arg>
<doc>Sets the implicit wait value used by Selenium.</doc>
<status status="PASS" starttime="20230306 17:08:01.029" endtime="20230306 17:08:01.029"/>
</kw>
<kw name="Get Selenium Implicit Wait" library="SeleniumLibrary">
<var>${ImplicitTime}</var>
<doc>Gets the implicit wait value used by Selenium.</doc>
<msg timestamp="20230306 17:08:01.029" level="INFO">${ImplicitTime} = 10 seconds</msg>
<status status="PASS" starttime="20230306 17:08:01.029" endtime="20230306 17:08:01.029"/>
</kw>
<kw name="Log To Console" library="BuiltIn">
<arg>${ImplicitTime}</arg>
<doc>Logs the given message to the console.</doc>
<status status="PASS" starttime="20230306 17:08:01.029" endtime="20230306 17:08:01.029"/>
</kw>
<kw name="Select Radio Button" library="SeleniumLibrary">
<arg>Gender</arg>
<arg>M</arg>
<doc>Sets the radio button group ``group_name`` to ``value``.</doc>
<msg timestamp="20230306 17:08:01.029" level="INFO">Selecting 'M' from radio button 'Gender'.</msg>
<status status="PASS" starttime="20230306 17:08:01.029" endtime="20230306 17:08:01.092"/>
</kw>
<kw name="Input Text" library="SeleniumLibrary">
<arg>name:FirstName</arg>
<arg>David</arg>
<doc>Types the given ``text`` into the text field identified by ``locator``.</doc>
<msg timestamp="20230306 17:08:01.092" level="INFO">Typing text 'David' into text field 'name:FirstName'.</msg>
<status status="PASS" starttime="20230306 17:08:01.092" endtime="20230306 17:08:01.165"/>
</kw>
<kw name="Input Text" library="SeleniumLibrary">
<arg>name:LastName</arg>
<arg>John</arg>
<doc>Types the given ``text`` into the text field identified by ``locator``.</doc>
<msg timestamp="20230306 17:08:01.165" level="INFO">Typing text 'John' into text field 'name:LastName'.</msg>
<status status="PASS" starttime="20230306 17:08:01.165" endtime="20230306 17:08:01.233"/>
</kw>
<kw name="Input Text" library="SeleniumLibrary">
<arg>name:Email1</arg>
<arg>test@gmail.com</arg>
<doc>Types the given ``text`` into the text field identified by ``locator``.</doc>
<msg timestamp="20230306 17:08:01.233" level="INFO">Typing text 'test@gmail.com' into text field 'name:Email1'.</msg>
<msg timestamp="20230306 17:08:11.479" level="INFO" html="true">&lt;/td&gt;&lt;/tr&gt;&lt;tr&gt;&lt;td colspan="3"&gt;&lt;a href="selenium-screenshot-22.png"&gt;&lt;img src="selenium-screenshot-22.png" width="800px"&gt;&lt;/a&gt;</msg>
<msg timestamp="20230306 17:08:11.479" level="FAIL">Element with locator 'name:Email1' not found.</msg>
<status status="FAIL" starttime="20230306 17:08:01.233" endtime="20230306 17:08:11.479"/>
</kw>
<kw name="Input Text" library="SeleniumLibrary">
<arg>name:Password</arg>
<arg>davidjohn</arg>
<doc>Types the given ``text`` into the text field identified by ``locator``.</doc>
<status status="NOT RUN" starttime="20230306 17:08:11.479" endtime="20230306 17:08:11.479"/>
</kw>
<kw name="Input Text" library="SeleniumLibrary">
<arg>name:ConfirmPassword</arg>
<arg>davidjohn</arg>
<doc>Types the given ``text`` into the text field identified by ``locator``.</doc>
<status status="NOT RUN" starttime="20230306 17:08:11.479" endtime="20230306 17:08:11.479"/>
</kw>
<kw name="Close Browser" library="SeleniumLibrary">
<doc>Closes the current browser.</doc>
<status status="NOT RUN" starttime="20230306 17:08:11.479" endtime="20230306 17:08:11.479"/>
</kw>
<status status="FAIL" starttime="20230306 17:07:57.457" endtime="20230306 17:08:11.479">Element with locator 'name:Email1' not found.</status>
</test>
<status status="FAIL" starttime="20230306 17:07:57.283" endtime="20230306 17:08:11.479"/>
</suite>
<statistics>
<total>
<stat pass="0" fail="1" skip="0">All Tests</stat>
</total>
<tag>
</tag>
<suite>
<stat pass="0" fail="1" skip="0" id="s1" name="implicitWait">implicitWait</stat>
</suite>
</statistics>
<errors>
</errors>
</robot>
