<?xml version="1.0" encoding="UTF-8"?>
<robot generator="Robot 6.0.2 (Python 3.9.0 on win32)" generated="20230306 12:27:14.853" rpa="false" schemaversion="3">
<suite id="s1" name="Tc Login" source="C:\Users\KloverCloud\PycharmProjects\Robot_Framework_With_Python\Basic\first\tc_login.robot">
<test id="s1-t1" name="LoginTest" line="8">
<kw name="Open Browser" library="SeleniumLibrary">
<arg>${url}</arg>
<arg>${browser}</arg>
<doc>Opens a new browser instance to the optional ``url``.</doc>
<msg timestamp="20230306 12:27:15.003" level="INFO">Opening browser 'chrome' to base url 'https://demo.nopcommerce.com/'.</msg>
<status status="PASS" starttime="20230306 12:27:15.003" endtime="20230306 12:27:17.726"/>
</kw>
<kw name="Maximize Browser Window" library="SeleniumLibrary">
<doc>Maximizes current browser window.</doc>
<status status="PASS" starttime="20230306 12:27:17.726" endtime="20230306 12:27:17.849"/>
</kw>
<kw name="loginToApplication">
<kw name="Click Link" library="SeleniumLibrary">
<arg>xpath://a[contains(text(),'Log in')]</arg>
<doc>Clicks a link identified by ``locator``.</doc>
<msg timestamp="20230306 12:27:17.850" level="INFO">Clicking link 'xpath://a[contains(text(),'Log in')]'.</msg>
<status status="PASS" starttime="20230306 12:27:17.850" endtime="20230306 12:27:18.323"/>
</kw>
<kw name="Sleep" library="BuiltIn">
<arg>3s</arg>
<doc>Pauses the test executed for the given time.</doc>
<msg timestamp="20230306 12:27:21.337" level="INFO">Slept 3 seconds</msg>
<status status="PASS" starttime="20230306 12:27:18.323" endtime="20230306 12:27:21.337"/>
</kw>
<kw name="Input Text" library="SeleniumLibrary">
<arg>xpath://input[@id='Email']</arg>
<arg>test</arg>
<doc>Types the given ``text`` into the text field identified by ``locator``.</doc>
<msg timestamp="20230306 12:27:21.337" level="INFO">Typing text 'test' into text field 'xpath://input[@id='Email']'.</msg>
<status status="PASS" starttime="20230306 12:27:21.337" endtime="20230306 12:27:21.402"/>
</kw>
<kw name="Input Text" library="SeleniumLibrary">
<arg>xpath://input[@id='Password']</arg>
<arg>test</arg>
<doc>Types the given ``text`` into the text field identified by ``locator``.</doc>
<msg timestamp="20230306 12:27:21.402" level="INFO">Typing text 'test' into text field 'xpath://input[@id='Password']'.</msg>
<status status="PASS" starttime="20230306 12:27:21.402" endtime="20230306 12:27:21.472"/>
</kw>
<kw name="Sleep" library="BuiltIn">
<arg>2s</arg>
<doc>Pauses the test executed for the given time.</doc>
<msg timestamp="20230306 12:27:23.473" level="INFO">Slept 2 seconds</msg>
<status status="PASS" starttime="20230306 12:27:21.472" endtime="20230306 12:27:23.473"/>
</kw>
<kw name="Click Element" library="SeleniumLibrary">
<arg>xpath://button[contains(text(),'Log in')]</arg>
<doc>Click the element identified by ``locator``.</doc>
<msg timestamp="20230306 12:27:23.474" level="INFO">Clicking element 'xpath://button[contains(text(),'Log in')]'.</msg>
<status status="PASS" starttime="20230306 12:27:23.473" endtime="20230306 12:27:23.519"/>
</kw>
<kw name="Sleep" library="BuiltIn">
<arg>5s</arg>
<doc>Pauses the test executed for the given time.</doc>
<msg timestamp="20230306 12:27:28.534" level="INFO">Slept 5 seconds</msg>
<status status="PASS" starttime="20230306 12:27:23.519" endtime="20230306 12:27:28.534"/>
</kw>
<kw name="Close Browser" library="SeleniumLibrary">
<doc>Closes the current browser.</doc>
<status status="PASS" starttime="20230306 12:27:28.534" endtime="20230306 12:27:30.642"/>
</kw>
<status status="PASS" starttime="20230306 12:27:17.850" endtime="20230306 12:27:30.642"/>
</kw>
<kw name="Sleep" library="BuiltIn">
<arg>2s</arg>
<doc>Pauses the test executed for the given time.</doc>
<msg timestamp="20230306 12:27:32.655" level="INFO">Slept 2 seconds</msg>
<status status="PASS" starttime="20230306 12:27:30.642" endtime="20230306 12:27:32.655"/>
</kw>
<status status="PASS" starttime="20230306 12:27:15.003" endtime="20230306 12:27:32.656"/>
</test>
<status status="PASS" starttime="20230306 12:27:14.853" endtime="20230306 12:27:32.656"/>
</suite>
<statistics>
<total>
<stat pass="1" fail="0" skip="0">All Tests</stat>
</total>
<tag>
</tag>
<suite>
<stat pass="1" fail="0" skip="0" id="s1" name="Tc Login">Tc Login</stat>
</suite>
</statistics>
<errors>
</errors>
</robot>
