<?xml version="1.0" encoding="UTF-8"?>
<robot generator="Robot 6.0.2 (Python 3.9.0 on win32)" generated="20230313 14:57:49.091" rpa="false" schemaversion="3">
<suite id="s1" name="Suites">
<suite id="s1-s1" name="LoginTest" source="C:\Users\KloverCloud\PycharmProjects\Robot_Framework_With_Python\Basic\POM\TestCases\LoginTest.robot">
<test id="s1-s1-t1" name="LoginTest" line="15">
<kw name="open the Browser" library="loginKeywords">
<arg>${SiteUrl}</arg>
<arg>${Browser}</arg>
<kw name="Open Browser" library="SeleniumLibrary">
<arg>${SiteUrl}</arg>
<arg>${Browser}</arg>
<doc>Opens a new browser instance to the optional ``url``.</doc>
<msg timestamp="20230313 14:57:49.263" level="INFO">Opening browser 'chrome' to base url 'https://demo.guru99.com/test/newtours/'.</msg>
<status status="PASS" starttime="20230313 14:57:49.263" endtime="20230313 14:57:54.625"/>
</kw>
<kw name="Maximize Browser Window" library="SeleniumLibrary">
<doc>Maximizes current browser window.</doc>
<status status="PASS" starttime="20230313 14:57:54.626" endtime="20230313 14:57:54.760"/>
</kw>
<status status="PASS" starttime="20230313 14:57:49.263" endtime="20230313 14:57:54.760"/>
</kw>
<kw name="Sleep" library="BuiltIn">
<arg>3</arg>
<doc>Pauses the test executed for the given time.</doc>
<msg timestamp="20230313 14:57:57.762" level="INFO">Slept 3 seconds</msg>
<status status="PASS" starttime="20230313 14:57:54.761" endtime="20230313 14:57:57.762"/>
</kw>
<kw name="Enter UserName" library="loginKeywords">
<arg>${user}</arg>
<kw name="Input Text" library="SeleniumLibrary">
<arg>${txt_LoginUserName}</arg>
<arg>${username}</arg>
<doc>Types the given ``text`` into the text field identified by ``locator``.</doc>
<msg timestamp="20230313 14:57:57.764" level="INFO">Typing text 'tutorial' into text field 'name:userName'.</msg>
<status status="PASS" starttime="20230313 14:57:57.763" endtime="20230313 14:57:57.960"/>
</kw>
<status status="PASS" starttime="20230313 14:57:57.762" endtime="20230313 14:57:57.960"/>
</kw>
<kw name="Sleep" library="BuiltIn">
<arg>1</arg>
<doc>Pauses the test executed for the given time.</doc>
<msg timestamp="20230313 14:57:58.970" level="INFO">Slept 1 second</msg>
<status status="PASS" starttime="20230313 14:57:57.960" endtime="20230313 14:57:58.970"/>
</kw>
<kw name="Enter Password" library="loginKeywords">
<arg>${pwd}</arg>
<kw name="Input Text" library="SeleniumLibrary">
<arg>${txt_LoginPassword}</arg>
<arg>${password}</arg>
<doc>Types the given ``text`` into the text field identified by ``locator``.</doc>
<msg timestamp="20230313 14:57:58.972" level="INFO">Typing text 'tutorial' into text field 'name:password'.</msg>
<status status="PASS" starttime="20230313 14:57:58.971" endtime="20230313 14:57:59.051"/>
</kw>
<status status="PASS" starttime="20230313 14:57:58.970" endtime="20230313 14:57:59.052"/>
</kw>
<kw name="Sleep" library="BuiltIn">
<arg>1</arg>
<doc>Pauses the test executed for the given time.</doc>
<msg timestamp="20230313 14:58:00.061" level="INFO">Slept 1 second</msg>
<status status="PASS" starttime="20230313 14:57:59.052" endtime="20230313 14:58:00.061"/>
</kw>
<kw name="Click SignIn" library="loginKeywords">
<kw name="Click Button" library="SeleniumLibrary">
<arg>${btn_signIn}</arg>
<doc>Clicks the button identified by ``locator``.</doc>
<msg timestamp="20230313 14:58:00.063" level="INFO">Clicking button 'xpath://input[@name='submit']'.</msg>
<status status="PASS" starttime="20230313 14:58:00.062" endtime="20230313 14:58:03.812"/>
</kw>
<status status="PASS" starttime="20230313 14:58:00.061" endtime="20230313 14:58:03.812"/>
</kw>
<kw name="Sleep" library="BuiltIn">
<arg>3</arg>
<doc>Pauses the test executed for the given time.</doc>
<msg timestamp="20230313 14:58:06.825" level="INFO">Slept 3 seconds</msg>
<status status="PASS" starttime="20230313 14:58:03.812" endtime="20230313 14:58:06.825"/>
</kw>
<kw name="Verify Successful login" library="loginKeywords">
<kw name="Title Should Be" library="SeleniumLibrary">
<arg>Login: Mercury Tours</arg>
<doc>Verifies that the current page title equals ``title``.</doc>
<msg timestamp="20230313 14:58:06.825" level="INFO">Page title is 'Login: Mercury Tours'.</msg>
<status status="PASS" starttime="20230313 14:58:06.825" endtime="20230313 14:58:06.825"/>
</kw>
<status status="PASS" starttime="20230313 14:58:06.825" endtime="20230313 14:58:06.825"/>
</kw>
<kw name="close my browser" library="loginKeywords">
<kw name="Close All Browsers" library="SeleniumLibrary">
<doc>Closes all open browsers and resets the browser cache.</doc>
<status status="PASS" starttime="20230313 14:58:06.825" endtime="20230313 14:58:13.021"/>
</kw>
<status status="PASS" starttime="20230313 14:58:06.825" endtime="20230313 14:58:13.021"/>
</kw>
<status status="PASS" starttime="20230313 14:57:49.263" endtime="20230313 14:58:13.021"/>
</test>
<status status="PASS" starttime="20230313 14:57:49.106" endtime="20230313 14:58:13.021"/>
</suite>
<status status="PASS" starttime="20230313 14:57:49.091" endtime="20230313 14:58:13.021"/>
</suite>
<statistics>
<total>
<stat pass="1" fail="0" skip="0">All Tests</stat>
</total>
<tag>
</tag>
<suite>
<stat pass="1" fail="0" skip="0" id="s1" name="Suites">Suites</stat>
<stat pass="1" fail="0" skip="0" id="s1-s1" name="LoginTest">Suites.LoginTest</stat>
</suite>
</statistics>
<errors>
</errors>
</robot>
