<?xml version="1.0" encoding="UTF-8"?>
<robot generator="Robot 6.0.2 (Python 3.10.6 on linux)" generated="20230422 13:35:15.766" rpa="false" schemaversion="3">
<suite id="s1" name="Multiple Vent" source="/home/bassel/Desktop/ventsight-mvp/src/gateway/modules/IntegrationTester/multiple_vent.robot">
<test id="s1-t1" name="Send messages from multiple ventilators" line="11">
<kw name="Create List" library="BuiltIn">
<var>${ventilator_connections}</var>
<doc>Returns a list containing given items.</doc>
<msg timestamp="20230422 13:35:15.817" level="INFO">${ventilator_connections} = []</msg>
<status status="PASS" starttime="20230422 13:35:15.817" endtime="20230422 13:35:15.817"/>
</kw>
<for flavor="IN RANGE">
<var>${i}</var>
<value>100</value>
<iter>
<var name="${i}">0</var>
<kw name="Connect" library="TCPStream">
<var>${connection}</var>
<arg>localhost</arg>
<arg>8738</arg>
<msg timestamp="20230422 13:35:15.818" level="INFO">${connection} = &lt;TCPStream.TCPStream object at 0x7f3068b41a80&gt;</msg>
<status status="PASS" starttime="20230422 13:35:15.818" endtime="20230422 13:35:15.818"/>
</kw>
<kw name="Append To List" library="Collections">
<arg>${ventilator_connections}</arg>
<arg>${connection}</arg>
<doc>Adds ``values`` to the end of ``list``.</doc>
<status status="PASS" starttime="20230422 13:35:15.819" endtime="20230422 13:35:15.819"/>
</kw>
<status status="PASS" starttime="20230422 13:35:15.818" endtime="20230422 13:35:15.819"/>
</iter>
<iter>
<var name="${i}">1</var>
<kw name="Connect" library="TCPStream">
<var>${connection}</var>
<arg>localhost</arg>
<arg>8738</arg>
<msg timestamp="20230422 13:35:15.821" level="INFO">${connection} = &lt;TCPStream.TCPStream object at 0x7f3068b41a80&gt;</msg>
<status status="PASS" starttime="20230422 13:35:15.819" endtime="20230422 13:35:15.821"/>
</kw>
<kw name="Append To List" library="Collections">
<arg>${ventilator_connections}</arg>
<arg>${connection}</arg>
<doc>Adds ``values`` to the end of ``list``.</doc>
<status status="PASS" starttime="20230422 13:35:15.821" endtime="20230422 13:35:15.822"/>
</kw>
<status status="PASS" starttime="20230422 13:35:15.819" endtime="20230422 13:35:15.822"/>
</iter>
<iter>
<var name="${i}">2</var>
<kw name="Connect" library="TCPStream">
<var>${connection}</var>
<arg>localhost</arg>
<arg>8738</arg>
<msg timestamp="20230422 13:35:15.824" level="INFO">${connection} = &lt;TCPStream.TCPStream object at 0x7f3068b41a80&gt;</msg>
<status status="PASS" starttime="20230422 13:35:15.822" endtime="20230422 13:35:15.824"/>
</kw>
<kw name="Append To List" library="Collections">
<arg>${ventilator_connections}</arg>
<arg>${connection}</arg>
<doc>Adds ``values`` to the end of ``list``.</doc>
<status status="PASS" starttime="20230422 13:35:15.824" endtime="20230422 13:35:15.825"/>
</kw>
<status status="PASS" starttime="20230422 13:35:15.822" endtime="20230422 13:35:15.825"/>
</iter>
<iter>
<var name="${i}">3</var>
<kw name="Connect" library="TCPStream">
<var>${connection}</var>
<arg>localhost</arg>
<arg>8738</arg>
<msg timestamp="20230422 13:35:15.834" level="INFO">${connection} = &lt;TCPStream.TCPStream object at 0x7f3068b41a80&gt;</msg>
<status status="PASS" starttime="20230422 13:35:15.825" endtime="20230422 13:35:15.834"/>
</kw>
<kw name="Append To List" library="Collections">
<arg>${ventilator_connections}</arg>
<arg>${connection}</arg>
<doc>Adds ``values`` to the end of ``list``.</doc>
<status status="PASS" starttime="20230422 13:35:15.834" endtime="20230422 13:35:15.835"/>
</kw>
<status status="PASS" starttime="20230422 13:35:15.825" endtime="20230422 13:35:15.835"/>
</iter>
<iter>
<var name="${i}">4</var>
<kw name="Connect" library="TCPStream">
<var>${connection}</var>
<arg>localhost</arg>
<arg>8738</arg>
<msg timestamp="20230422 13:35:15.835" level="INFO">${connection} = &lt;TCPStream.TCPStream object at 0x7f3068b41a80&gt;</msg>
<status status="PASS" starttime="20230422 13:35:15.835" endtime="20230422 13:35:15.835"/>
</kw>
<kw name="Append To List" library="Collections">
<arg>${ventilator_connections}</arg>
<arg>${connection}</arg>
<doc>Adds ``values`` to the end of ``list``.</doc>
<status status="PASS" starttime="20230422 13:35:15.835" endtime="20230422 13:35:15.836"/>
</kw>
<status status="PASS" starttime="20230422 13:35:15.835" endtime="20230422 13:35:15.836"/>
</iter>
<iter>
<var name="${i}">5</var>
<kw name="Connect" library="TCPStream">
<var>${connection}</var>
<arg>localhost</arg>
<arg>8738</arg>
<msg timestamp="20230422 13:35:15.836" level="INFO">${connection} = &lt;TCPStream.TCPStream object at 0x7f3068b41a80&gt;</msg>
<status status="PASS" starttime="20230422 13:35:15.836" endtime="20230422 13:35:15.836"/>
</kw>
<kw name="Append To List" library="Collections">
<arg>${ventilator_connections}</arg>
<arg>${connection}</arg>
<doc>Adds ``values`` to the end of ``list``.</doc>
<status status="PASS" starttime="20230422 13:35:15.836" endtime="20230422 13:35:15.836"/>
</kw>
<status status="PASS" starttime="20230422 13:35:15.836" endtime="20230422 13:35:15.836"/>
</iter>
<iter>
<var name="${i}">6</var>
<kw name="Connect" library="TCPStream">
<var>${connection}</var>
<arg>localhost</arg>
<arg>8738</arg>
<msg timestamp="20230422 13:35:15.837" level="INFO">${connection} = &lt;TCPStream.TCPStream object at 0x7f3068b41a80&gt;</msg>
<status status="PASS" starttime="20230422 13:35:15.837" endtime="20230422 13:35:15.837"/>
</kw>
<kw name="Append To List" library="Collections">
<arg>${ventilator_connections}</arg>
<arg>${connection}</arg>
<doc>Adds ``values`` to the end of ``list``.</doc>
<status status="PASS" starttime="20230422 13:35:15.837" endtime="20230422 13:35:15.837"/>
</kw>
<status status="PASS" starttime="20230422 13:35:15.837" endtime="20230422 13:35:15.837"/>
</iter>
<iter>
<var name="${i}">7</var>
<kw name="Connect" library="TCPStream">
<var>${connection}</var>
<arg>localhost</arg>
<arg>8738</arg>
<msg timestamp="20230422 13:35:15.838" level="INFO">${connection} = &lt;TCPStream.TCPStream object at 0x7f3068b41a80&gt;</msg>
<status status="PASS" starttime="20230422 13:35:15.837" endtime="20230422 13:35:15.838"/>
</kw>
<kw name="Append To List" library="Collections">
<arg>${ventilator_connections}</arg>
<arg>${connection}</arg>
<doc>Adds ``values`` to the end of ``list``.</doc>
<status status="PASS" starttime="20230422 13:35:15.838" endtime="20230422 13:35:15.840"/>
</kw>
<status status="PASS" starttime="20230422 13:35:15.837" endtime="20230422 13:35:15.840"/>
</iter>
<iter>
<var name="${i}">8</var>
<kw name="Connect" library="TCPStream">
<var>${connection}</var>
<arg>localhost</arg>
<arg>8738</arg>
<msg timestamp="20230422 13:35:15.844" level="INFO">${connection} = &lt;TCPStream.TCPStream object at 0x7f3068b41a80&gt;</msg>
<status status="PASS" starttime="20230422 13:35:15.841" endtime="20230422 13:35:15.844"/>
</kw>
<kw name="Append To List" library="Collections">
<arg>${ventilator_connections}</arg>
<arg>${connection}</arg>
<doc>Adds ``values`` to the end of ``list``.</doc>
<status status="PASS" starttime="20230422 13:35:15.844" endtime="20230422 13:35:15.844"/>
</kw>
<status status="PASS" starttime="20230422 13:35:15.841" endtime="20230422 13:35:15.844"/>
</iter>
<iter>
<var name="${i}">9</var>
<kw name="Connect" library="TCPStream">
<var>${connection}</var>
<arg>localhost</arg>
<arg>8738</arg>
<msg timestamp="20230422 13:35:15.845" level="INFO">${connection} = &lt;TCPStream.TCPStream object at 0x7f3068b41a80&gt;</msg>
<status status="PASS" starttime="20230422 13:35:15.844" endtime="20230422 13:35:15.845"/>
</kw>
<kw name="Append To List" library="Collections">
<arg>${ventilator_connections}</arg>
<arg>${connection}</arg>
<doc>Adds ``values`` to the end of ``list``.</doc>
<status status="PASS" starttime="20230422 13:35:15.845" endtime="20230422 13:35:15.845"/>
</kw>
<status status="PASS" starttime="20230422 13:35:15.844" endtime="20230422 13:35:15.845"/>
</iter>
<iter>
<var name="${i}">10</var>
<kw name="Connect" library="TCPStream">
<var>${connection}</var>
<arg>localhost</arg>
<arg>8738</arg>
<msg timestamp="20230422 13:35:15.845" level="INFO">${connection} = &lt;TCPStream.TCPStream object at 0x7f3068b41a80&gt;</msg>
<status status="PASS" starttime="20230422 13:35:15.845" endtime="20230422 13:35:15.846"/>
</kw>
<kw name="Append To List" library="Collections">
<arg>${ventilator_connections}</arg>
<arg>${connection}</arg>
<doc>Adds ``values`` to the end of ``list``.</doc>
<status status="PASS" starttime="20230422 13:35:15.849" endtime="20230422 13:35:15.850"/>
</kw>
<status status="PASS" starttime="20230422 13:35:15.845" endtime="20230422 13:35:15.850"/>
</iter>
<iter>
<var name="${i}">11</var>
<kw name="Connect" library="TCPStream">
<var>${connection}</var>
<arg>localhost</arg>
<arg>8738</arg>
<msg timestamp="20230422 13:35:15.851" level="INFO">${connection} = &lt;TCPStream.TCPStream object at 0x7f3068b41a80&gt;</msg>
<status status="PASS" starttime="20230422 13:35:15.850" endtime="20230422 13:35:15.851"/>
</kw>
<kw name="Append To List" library="Collections">
<arg>${ventilator_connections}</arg>
<arg>${connection}</arg>
<doc>Adds ``values`` to the end of ``list``.</doc>
<status status="PASS" starttime="20230422 13:35:15.851" endtime="20230422 13:35:15.851"/>
</kw>
<status status="PASS" starttime="20230422 13:35:15.850" endtime="20230422 13:35:15.851"/>
</iter>
<iter>
<var name="${i}">12</var>
<kw name="Connect" library="TCPStream">
<var>${connection}</var>
<arg>localhost</arg>
<arg>8738</arg>
<msg timestamp="20230422 13:35:15.852" level="INFO">${connection} = &lt;TCPStream.TCPStream object at 0x7f3068b41a80&gt;</msg>
<status status="PASS" starttime="20230422 13:35:15.852" endtime="20230422 13:35:15.852"/>
</kw>
<kw name="Append To List" library="Collections">
<arg>${ventilator_connections}</arg>
<arg>${connection}</arg>
<doc>Adds ``values`` to the end of ``list``.</doc>
<status status="PASS" starttime="20230422 13:35:15.852" endtime="20230422 13:35:15.852"/>
</kw>
<status status="PASS" starttime="20230422 13:35:15.851" endtime="20230422 13:35:15.852"/>
</iter>
<iter>
<var name="${i}">13</var>
<kw name="Connect" library="TCPStream">
<var>${connection}</var>
<arg>localhost</arg>
<arg>8738</arg>
<msg timestamp="20230422 13:35:15.853" level="INFO">${connection} = &lt;TCPStream.TCPStream object at 0x7f3068b41a80&gt;</msg>
<status status="PASS" starttime="20230422 13:35:15.852" endtime="20230422 13:35:15.853"/>
</kw>
<kw name="Append To List" library="Collections">
<arg>${ventilator_connections}</arg>
<arg>${connection}</arg>
<doc>Adds ``values`` to the end of ``list``.</doc>
<status status="PASS" starttime="20230422 13:35:15.853" endtime="20230422 13:35:15.853"/>
</kw>
<status status="PASS" starttime="20230422 13:35:15.852" endtime="20230422 13:35:15.853"/>
</iter>
<iter>
<var name="${i}">14</var>
<kw name="Connect" library="TCPStream">
<var>${connection}</var>
<arg>localhost</arg>
<arg>8738</arg>
<msg timestamp="20230422 13:35:15.854" level="INFO">${connection} = &lt;TCPStream.TCPStream object at 0x7f3068b41a80&gt;</msg>
<status status="PASS" starttime="20230422 13:35:15.853" endtime="20230422 13:35:15.854"/>
</kw>
<kw name="Append To List" library="Collections">
<arg>${ventilator_connections}</arg>
<arg>${connection}</arg>
<doc>Adds ``values`` to the end of ``list``.</doc>
<status status="PASS" starttime="20230422 13:35:15.854" endtime="20230422 13:35:15.854"/>
</kw>
<status status="PASS" starttime="20230422 13:35:15.853" endtime="20230422 13:35:15.856"/>
</iter>
<iter>
<var name="${i}">15</var>
<kw name="Connect" library="TCPStream">
<var>${connection}</var>
<arg>localhost</arg>
<arg>8738</arg>
<msg timestamp="20230422 13:35:15.858" level="INFO">${connection} = &lt;TCPStream.TCPStream object at 0x7f3068b41a80&gt;</msg>
<status status="PASS" starttime="20230422 13:35:15.856" endtime="20230422 13:35:15.858"/>
</kw>
<kw name="Append To List" library="Collections">
<arg>${ventilator_connections}</arg>
<arg>${connection}</arg>
<doc>Adds ``values`` to the end of ``list``.</doc>
<status status="PASS" starttime="20230422 13:35:15.858" endtime="20230422 13:35:15.858"/>
</kw>
<status status="PASS" starttime="20230422 13:35:15.856" endtime="20230422 13:35:15.858"/>
</iter>
<iter>
<var name="${i}">16</var>
<kw name="Connect" library="TCPStream">
<var>${connection}</var>
<arg>localhost</arg>
<arg>8738</arg>
<msg timestamp="20230422 13:35:15.859" level="INFO">${connection} = &lt;TCPStream.TCPStream object at 0x7f3068b41a80&gt;</msg>
<status status="PASS" starttime="20230422 13:35:15.858" endtime="20230422 13:35:15.859"/>
</kw>
<kw name="Append To List" library="Collections">
<arg>${ventilator_connections}</arg>
<arg>${connection}</arg>
<doc>Adds ``values`` to the end of ``list``.</doc>
<status status="PASS" starttime="20230422 13:35:15.859" endtime="20230422 13:35:15.859"/>
</kw>
<status status="PASS" starttime="20230422 13:35:15.858" endtime="20230422 13:35:15.859"/>
</iter>
<iter>
<var name="${i}">17</var>
<kw name="Connect" library="TCPStream">
<var>${connection}</var>
<arg>localhost</arg>
<arg>8738</arg>
<msg timestamp="20230422 13:35:15.859" level="INFO">${connection} = &lt;TCPStream.TCPStream object at 0x7f3068b41a80&gt;</msg>
<status status="PASS" starttime="20230422 13:35:15.859" endtime="20230422 13:35:15.859"/>
</kw>
<kw name="Append To List" library="Collections">
<arg>${ventilator_connections}</arg>
<arg>${connection}</arg>
<doc>Adds ``values`` to the end of ``list``.</doc>
<status status="PASS" starttime="20230422 13:35:15.860" endtime="20230422 13:35:15.860"/>
</kw>
<status status="PASS" starttime="20230422 13:35:15.859" endtime="20230422 13:35:15.860"/>
</iter>
<iter>
<var name="${i}">18</var>
<kw name="Connect" library="TCPStream">
<var>${connection}</var>
<arg>localhost</arg>
<arg>8738</arg>
<msg timestamp="20230422 13:35:15.860" level="INFO">${connection} = &lt;TCPStream.TCPStream object at 0x7f3068b41a80&gt;</msg>
<status status="PASS" starttime="20230422 13:35:15.860" endtime="20230422 13:35:15.860"/>
</kw>
<kw name="Append To List" library="Collections">
<arg>${ventilator_connections}</arg>
<arg>${connection}</arg>
<doc>Adds ``values`` to the end of ``list``.</doc>
<status status="PASS" starttime="20230422 13:35:15.860" endtime="20230422 13:35:15.861"/>
</kw>
<status status="PASS" starttime="20230422 13:35:15.860" endtime="20230422 13:35:15.861"/>
</iter>
<iter>
<var name="${i}">19</var>
<kw name="Connect" library="TCPStream">
<var>${connection}</var>
<arg>localhost</arg>
<arg>8738</arg>
<msg timestamp="20230422 13:35:15.861" level="INFO">${connection} = &lt;TCPStream.TCPStream object at 0x7f3068b41a80&gt;</msg>
<status status="PASS" starttime="20230422 13:35:15.861" endtime="20230422 13:35:15.861"/>
</kw>
<kw name="Append To List" library="Collections">
<arg>${ventilator_connections}</arg>
<arg>${connection}</arg>
<doc>Adds ``values`` to the end of ``list``.</doc>
<status status="PASS" starttime="20230422 13:35:15.861" endtime="20230422 13:35:15.861"/>
</kw>
<status status="PASS" starttime="20230422 13:35:15.861" endtime="20230422 13:35:15.861"/>
</iter>
<iter>
<var name="${i}">20</var>
<kw name="Connect" library="TCPStream">
<var>${connection}</var>
<arg>localhost</arg>
<arg>8738</arg>
<msg timestamp="20230422 13:35:15.862" level="INFO">${connection} = &lt;TCPStream.TCPStream object at 0x7f3068b41a80&gt;</msg>
<status status="PASS" starttime="20230422 13:35:15.861" endtime="20230422 13:35:15.862"/>
</kw>
<kw name="Append To List" library="Collections">
<arg>${ventilator_connections}</arg>
<arg>${connection}</arg>
<doc>Adds ``values`` to the end of ``list``.</doc>
<status status="PASS" starttime="20230422 13:35:15.867" endtime="20230422 13:35:15.867"/>
</kw>
<status status="PASS" starttime="20230422 13:35:15.861" endtime="20230422 13:35:15.867"/>
</iter>
<iter>
<var name="${i}">21</var>
<kw name="Connect" library="TCPStream">
<var>${connection}</var>
<arg>localhost</arg>
<arg>8738</arg>
<msg timestamp="20230422 13:35:15.868" level="INFO">${connection} = &lt;TCPStream.TCPStream object at 0x7f3068b41a80&gt;</msg>
<status status="PASS" starttime="20230422 13:35:15.868" endtime="20230422 13:35:15.868"/>
</kw>
<kw name="Append To List" library="Collections">
<arg>${ventilator_connections}</arg>
<arg>${connection}</arg>
<doc>Adds ``values`` to the end of ``list``.</doc>
<status status="PASS" starttime="20230422 13:35:15.868" endtime="20230422 13:35:15.868"/>
</kw>
<status status="PASS" starttime="20230422 13:35:15.867" endtime="20230422 13:35:15.869"/>
</iter>
<iter>
<var name="${i}">22</var>
<kw name="Connect" library="TCPStream">
<var>${connection}</var>
<arg>localhost</arg>
<arg>8738</arg>
<msg timestamp="20230422 13:35:15.869" level="INFO">${connection} = &lt;TCPStream.TCPStream object at 0x7f3068b41a80&gt;</msg>
<status status="PASS" starttime="20230422 13:35:15.869" endtime="20230422 13:35:15.869"/>
</kw>
<kw name="Append To List" library="Collections">
<arg>${ventilator_connections}</arg>
<arg>${connection}</arg>
<doc>Adds ``values`` to the end of ``list``.</doc>
<status status="PASS" starttime="20230422 13:35:15.870" endtime="20230422 13:35:15.870"/>
</kw>
<status status="PASS" starttime="20230422 13:35:15.869" endtime="20230422 13:35:15.871"/>
</iter>
<iter>
<var name="${i}">23</var>
<kw name="Connect" library="TCPStream">
<var>${connection}</var>
<arg>localhost</arg>
<arg>8738</arg>
<msg timestamp="20230422 13:35:15.873" level="INFO">${connection} = &lt;TCPStream.TCPStream object at 0x7f3068b41a80&gt;</msg>
<status status="PASS" starttime="20230422 13:35:15.873" endtime="20230422 13:35:15.873"/>
</kw>
<kw name="Append To List" library="Collections">
<arg>${ventilator_connections}</arg>
<arg>${connection}</arg>
<doc>Adds ``values`` to the end of ``list``.</doc>
<status status="PASS" starttime="20230422 13:35:15.874" endtime="20230422 13:35:15.874"/>
</kw>
<status status="PASS" starttime="20230422 13:35:15.872" endtime="20230422 13:35:15.874"/>
</iter>
<iter>
<var name="${i}">24</var>
<kw name="Connect" library="TCPStream">
<var>${connection}</var>
<arg>localhost</arg>
<arg>8738</arg>
<msg timestamp="20230422 13:35:15.879" level="INFO">${connection} = &lt;TCPStream.TCPStream object at 0x7f3068b41a80&gt;</msg>
<status status="PASS" starttime="20230422 13:35:15.876" endtime="20230422 13:35:15.879"/>
</kw>
<kw name="Append To List" library="Collections">
<arg>${ventilator_connections}</arg>
<arg>${connection}</arg>
<doc>Adds ``values`` to the end of ``list``.</doc>
<status status="PASS" starttime="20230422 13:35:15.879" endtime="20230422 13:35:15.880"/>
</kw>
<status status="PASS" starttime="20230422 13:35:15.874" endtime="20230422 13:35:15.880"/>
</iter>
<iter>
<var name="${i}">25</var>
<kw name="Connect" library="TCPStream">
<var>${connection}</var>
<arg>localhost</arg>
<arg>8738</arg>
<msg timestamp="20230422 13:35:15.880" level="INFO">${connection} = &lt;TCPStream.TCPStream object at 0x7f3068b41a80&gt;</msg>
<status status="PASS" starttime="20230422 13:35:15.880" endtime="20230422 13:35:15.880"/>
</kw>
<kw name="Append To List" library="Collections">
<arg>${ventilator_connections}</arg>
<arg>${connection}</arg>
<doc>Adds ``values`` to the end of ``list``.</doc>
<status status="PASS" starttime="20230422 13:35:15.881" endtime="20230422 13:35:15.881"/>
</kw>
<status status="PASS" starttime="20230422 13:35:15.880" endtime="20230422 13:35:15.881"/>
</iter>
<iter>
<var name="${i}">26</var>
<kw name="Connect" library="TCPStream">
<var>${connection}</var>
<arg>localhost</arg>
<arg>8738</arg>
<msg timestamp="20230422 13:35:15.883" level="INFO">${connection} = &lt;TCPStream.TCPStream object at 0x7f3068b41a80&gt;</msg>
<status status="PASS" starttime="20230422 13:35:15.881" endtime="20230422 13:35:15.883"/>
</kw>
<kw name="Append To List" library="Collections">
<arg>${ventilator_connections}</arg>
<arg>${connection}</arg>
<doc>Adds ``values`` to the end of ``list``.</doc>
<status status="PASS" starttime="20230422 13:35:15.883" endtime="20230422 13:35:15.883"/>
</kw>
<status status="PASS" starttime="20230422 13:35:15.881" endtime="20230422 13:35:15.883"/>
</iter>
<iter>
<var name="${i}">27</var>
<kw name="Connect" library="TCPStream">
<var>${connection}</var>
<arg>localhost</arg>
<arg>8738</arg>
<msg timestamp="20230422 13:35:15.884" level="INFO">${connection} = &lt;TCPStream.TCPStream object at 0x7f3068b41a80&gt;</msg>
<status status="PASS" starttime="20230422 13:35:15.883" endtime="20230422 13:35:15.884"/>
</kw>
<kw name="Append To List" library="Collections">
<arg>${ventilator_connections}</arg>
<arg>${connection}</arg>
<doc>Adds ``values`` to the end of ``list``.</doc>
<status status="PASS" starttime="20230422 13:35:15.884" endtime="20230422 13:35:15.884"/>
</kw>
<status status="PASS" starttime="20230422 13:35:15.883" endtime="20230422 13:35:15.884"/>
</iter>
<iter>
<var name="${i}">28</var>
<kw name="Connect" library="TCPStream">
<var>${connection}</var>
<arg>localhost</arg>
<arg>8738</arg>
<msg timestamp="20230422 13:35:15.885" level="INFO">${connection} = &lt;TCPStream.TCPStream object at 0x7f3068b41a80&gt;</msg>
<status status="PASS" starttime="20230422 13:35:15.884" endtime="20230422 13:35:15.885"/>
</kw>
<kw name="Append To List" library="Collections">
<arg>${ventilator_connections}</arg>
<arg>${connection}</arg>
<doc>Adds ``values`` to the end of ``list``.</doc>
<status status="PASS" starttime="20230422 13:35:15.885" endtime="20230422 13:35:15.885"/>
</kw>
<status status="PASS" starttime="20230422 13:35:15.884" endtime="20230422 13:35:15.885"/>
</iter>
<iter>
<var name="${i}">29</var>
<kw name="Connect" library="TCPStream">
<var>${connection}</var>
<arg>localhost</arg>
<arg>8738</arg>
<msg timestamp="20230422 13:35:15.885" level="INFO">${connection} = &lt;TCPStream.TCPStream object at 0x7f3068b41a80&gt;</msg>
<status status="PASS" starttime="20230422 13:35:15.885" endtime="20230422 13:35:15.885"/>
</kw>
<kw name="Append To List" library="Collections">
<arg>${ventilator_connections}</arg>
<arg>${connection}</arg>
<doc>Adds ``values`` to the end of ``list``.</doc>
<status status="PASS" starttime="20230422 13:35:15.885" endtime="20230422 13:35:15.886"/>
</kw>
<status status="PASS" starttime="20230422 13:35:15.885" endtime="20230422 13:35:15.886"/>
</iter>
<iter>
<var name="${i}">30</var>
<kw name="Connect" library="TCPStream">
<var>${connection}</var>
<arg>localhost</arg>
<arg>8738</arg>
<msg timestamp="20230422 13:35:15.888" level="INFO">${connection} = &lt;TCPStream.TCPStream object at 0x7f3068b41a80&gt;</msg>
<status status="PASS" starttime="20230422 13:35:15.886" endtime="20230422 13:35:15.888"/>
</kw>
<kw name="Append To List" library="Collections">
<arg>${ventilator_connections}</arg>
<arg>${connection}</arg>
<doc>Adds ``values`` to the end of ``list``.</doc>
<status status="PASS" starttime="20230422 13:35:15.889" endtime="20230422 13:35:15.890"/>
</kw>
<status status="PASS" starttime="20230422 13:35:15.886" endtime="20230422 13:35:15.890"/>
</iter>
<iter>
<var name="${i}">31</var>
<kw name="Connect" library="TCPStream">
<var>${connection}</var>
<arg>localhost</arg>
<arg>8738</arg>
<msg timestamp="20230422 13:35:15.892" level="INFO">${connection} = &lt;TCPStream.TCPStream object at 0x7f3068b41a80&gt;</msg>
<status status="PASS" starttime="20230422 13:35:15.890" endtime="20230422 13:35:15.892"/>
</kw>
<kw name="Append To List" library="Collections">
<arg>${ventilator_connections}</arg>
<arg>${connection}</arg>
<doc>Adds ``values`` to the end of ``list``.</doc>
<status status="PASS" starttime="20230422 13:35:15.892" endtime="20230422 13:35:15.892"/>
</kw>
<status status="PASS" starttime="20230422 13:35:15.890" endtime="20230422 13:35:15.893"/>
</iter>
<iter>
<var name="${i}">32</var>
<kw name="Connect" library="TCPStream">
<var>${connection}</var>
<arg>localhost</arg>
<arg>8738</arg>
<msg timestamp="20230422 13:35:15.893" level="INFO">${connection} = &lt;TCPStream.TCPStream object at 0x7f3068b41a80&gt;</msg>
<status status="PASS" starttime="20230422 13:35:15.893" endtime="20230422 13:35:15.893"/>
</kw>
<kw name="Append To List" library="Collections">
<arg>${ventilator_connections}</arg>
<arg>${connection}</arg>
<doc>Adds ``values`` to the end of ``list``.</doc>
<status status="PASS" starttime="20230422 13:35:15.893" endtime="20230422 13:35:15.893"/>
</kw>
<status status="PASS" starttime="20230422 13:35:15.893" endtime="20230422 13:35:15.893"/>
</iter>
<iter>
<var name="${i}">33</var>
<kw name="Connect" library="TCPStream">
<var>${connection}</var>
<arg>localhost</arg>
<arg>8738</arg>
<msg timestamp="20230422 13:35:15.894" level="INFO">${connection} = &lt;TCPStream.TCPStream object at 0x7f3068b41a80&gt;</msg>
<status status="PASS" starttime="20230422 13:35:15.893" endtime="20230422 13:35:15.896"/>
</kw>
<kw name="Append To List" library="Collections">
<arg>${ventilator_connections}</arg>
<arg>${connection}</arg>
<doc>Adds ``values`` to the end of ``list``.</doc>
<status status="PASS" starttime="20230422 13:35:15.896" endtime="20230422 13:35:15.897"/>
</kw>
<status status="PASS" starttime="20230422 13:35:15.893" endtime="20230422 13:35:15.897"/>
</iter>
<iter>
<var name="${i}">34</var>
<kw name="Connect" library="TCPStream">
<var>${connection}</var>
<arg>localhost</arg>
<arg>8738</arg>
<msg timestamp="20230422 13:35:15.898" level="INFO">${connection} = &lt;TCPStream.TCPStream object at 0x7f3068b41a80&gt;</msg>
<status status="PASS" starttime="20230422 13:35:15.897" endtime="20230422 13:35:15.898"/>
</kw>
<kw name="Append To List" library="Collections">
<arg>${ventilator_connections}</arg>
<arg>${connection}</arg>
<doc>Adds ``values`` to the end of ``list``.</doc>
<status status="PASS" starttime="20230422 13:35:15.898" endtime="20230422 13:35:15.898"/>
</kw>
<status status="PASS" starttime="20230422 13:35:15.897" endtime="20230422 13:35:15.898"/>
</iter>
<iter>
<var name="${i}">35</var>
<kw name="Connect" library="TCPStream">
<var>${connection}</var>
<arg>localhost</arg>
<arg>8738</arg>
<msg timestamp="20230422 13:35:15.898" level="INFO">${connection} = &lt;TCPStream.TCPStream object at 0x7f3068b41a80&gt;</msg>
<status status="PASS" starttime="20230422 13:35:15.898" endtime="20230422 13:35:15.898"/>
</kw>
<kw name="Append To List" library="Collections">
<arg>${ventilator_connections}</arg>
<arg>${connection}</arg>
<doc>Adds ``values`` to the end of ``list``.</doc>
<status status="PASS" starttime="20230422 13:35:15.899" endtime="20230422 13:35:15.899"/>
</kw>
<status status="PASS" starttime="20230422 13:35:15.898" endtime="20230422 13:35:15.899"/>
</iter>
<iter>
<var name="${i}">36</var>
<kw name="Connect" library="TCPStream">
<var>${connection}</var>
<arg>localhost</arg>
<arg>8738</arg>
<msg timestamp="20230422 13:35:15.899" level="INFO">${connection} = &lt;TCPStream.TCPStream object at 0x7f3068b41a80&gt;</msg>
<status status="PASS" starttime="20230422 13:35:15.899" endtime="20230422 13:35:15.899"/>
</kw>
<kw name="Append To List" library="Collections">
<arg>${ventilator_connections}</arg>
<arg>${connection}</arg>
<doc>Adds ``values`` to the end of ``list``.</doc>
<status status="PASS" starttime="20230422 13:35:15.899" endtime="20230422 13:35:15.899"/>
</kw>
<status status="PASS" starttime="20230422 13:35:15.899" endtime="20230422 13:35:15.900"/>
</iter>
<iter>
<var name="${i}">37</var>
<kw name="Connect" library="TCPStream">
<var>${connection}</var>
<arg>localhost</arg>
<arg>8738</arg>
<msg timestamp="20230422 13:35:15.900" level="INFO">${connection} = &lt;TCPStream.TCPStream object at 0x7f3068b41a80&gt;</msg>
<status status="PASS" starttime="20230422 13:35:15.900" endtime="20230422 13:35:15.900"/>
</kw>
<kw name="Append To List" library="Collections">
<arg>${ventilator_connections}</arg>
<arg>${connection}</arg>
<doc>Adds ``values`` to the end of ``list``.</doc>
<status status="PASS" starttime="20230422 13:35:15.900" endtime="20230422 13:35:15.900"/>
</kw>
<status status="PASS" starttime="20230422 13:35:15.900" endtime="20230422 13:35:15.900"/>
</iter>
<iter>
<var name="${i}">38</var>
<kw name="Connect" library="TCPStream">
<var>${connection}</var>
<arg>localhost</arg>
<arg>8738</arg>
<msg timestamp="20230422 13:35:15.901" level="INFO">${connection} = &lt;TCPStream.TCPStream object at 0x7f3068b41a80&gt;</msg>
<status status="PASS" starttime="20230422 13:35:15.900" endtime="20230422 13:35:15.901"/>
</kw>
<kw name="Append To List" library="Collections">
<arg>${ventilator_connections}</arg>
<arg>${connection}</arg>
<doc>Adds ``values`` to the end of ``list``.</doc>
<status status="PASS" starttime="20230422 13:35:15.901" endtime="20230422 13:35:15.901"/>
</kw>
<status status="PASS" starttime="20230422 13:35:15.900" endtime="20230422 13:35:15.901"/>
</iter>
<iter>
<var name="${i}">39</var>
<kw name="Connect" library="TCPStream">
<var>${connection}</var>
<arg>localhost</arg>
<arg>8738</arg>
<msg timestamp="20230422 13:35:15.902" level="INFO">${connection} = &lt;TCPStream.TCPStream object at 0x7f3068b41a80&gt;</msg>
<status status="PASS" starttime="20230422 13:35:15.901" endtime="20230422 13:35:15.902"/>
</kw>
<kw name="Append To List" library="Collections">
<arg>${ventilator_connections}</arg>
<arg>${connection}</arg>
<doc>Adds ``values`` to the end of ``list``.</doc>
<status status="PASS" starttime="20230422 13:35:15.902" endtime="20230422 13:35:15.908"/>
</kw>
<status status="PASS" starttime="20230422 13:35:15.901" endtime="20230422 13:35:15.908"/>
</iter>
<iter>
<var name="${i}">40</var>
<kw name="Connect" library="TCPStream">
<var>${connection}</var>
<arg>localhost</arg>
<arg>8738</arg>
<msg timestamp="20230422 13:35:15.909" level="INFO">${connection} = &lt;TCPStream.TCPStream object at 0x7f3068b41a80&gt;</msg>
<status status="PASS" starttime="20230422 13:35:15.909" endtime="20230422 13:35:15.909"/>
</kw>
<kw name="Append To List" library="Collections">
<arg>${ventilator_connections}</arg>
<arg>${connection}</arg>
<doc>Adds ``values`` to the end of ``list``.</doc>
<status status="PASS" starttime="20230422 13:35:15.909" endtime="20230422 13:35:15.909"/>
</kw>
<status status="PASS" starttime="20230422 13:35:15.908" endtime="20230422 13:35:15.909"/>
</iter>
<iter>
<var name="${i}">41</var>
<kw name="Connect" library="TCPStream">
<var>${connection}</var>
<arg>localhost</arg>
<arg>8738</arg>
<msg timestamp="20230422 13:35:15.911" level="INFO">${connection} = &lt;TCPStream.TCPStream object at 0x7f3068b41a80&gt;</msg>
<status status="PASS" starttime="20230422 13:35:15.910" endtime="20230422 13:35:15.911"/>
</kw>
<kw name="Append To List" library="Collections">
<arg>${ventilator_connections}</arg>
<arg>${connection}</arg>
<doc>Adds ``values`` to the end of ``list``.</doc>
<status status="PASS" starttime="20230422 13:35:15.911" endtime="20230422 13:35:15.911"/>
</kw>
<status status="PASS" starttime="20230422 13:35:15.910" endtime="20230422 13:35:15.911"/>
</iter>
<iter>
<var name="${i}">42</var>
<kw name="Connect" library="TCPStream">
<var>${connection}</var>
<arg>localhost</arg>
<arg>8738</arg>
<msg timestamp="20230422 13:35:15.912" level="INFO">${connection} = &lt;TCPStream.TCPStream object at 0x7f3068b41a80&gt;</msg>
<status status="PASS" starttime="20230422 13:35:15.912" endtime="20230422 13:35:15.912"/>
</kw>
<kw name="Append To List" library="Collections">
<arg>${ventilator_connections}</arg>
<arg>${connection}</arg>
<doc>Adds ``values`` to the end of ``list``.</doc>
<status status="PASS" starttime="20230422 13:35:15.912" endtime="20230422 13:35:15.912"/>
</kw>
<status status="PASS" starttime="20230422 13:35:15.911" endtime="20230422 13:35:15.912"/>
</iter>
<iter>
<var name="${i}">43</var>
<kw name="Connect" library="TCPStream">
<var>${connection}</var>
<arg>localhost</arg>
<arg>8738</arg>
<msg timestamp="20230422 13:35:15.913" level="INFO">${connection} = &lt;TCPStream.TCPStream object at 0x7f3068b41a80&gt;</msg>
<status status="PASS" starttime="20230422 13:35:15.912" endtime="20230422 13:35:15.913"/>
</kw>
<kw name="Append To List" library="Collections">
<arg>${ventilator_connections}</arg>
<arg>${connection}</arg>
<doc>Adds ``values`` to the end of ``list``.</doc>
<status status="PASS" starttime="20230422 13:35:15.915" endtime="20230422 13:35:15.916"/>
</kw>
<status status="PASS" starttime="20230422 13:35:15.912" endtime="20230422 13:35:15.916"/>
</iter>
<iter>
<var name="${i}">44</var>
<kw name="Connect" library="TCPStream">
<var>${connection}</var>
<arg>localhost</arg>
<arg>8738</arg>
<msg timestamp="20230422 13:35:15.917" level="INFO">${connection} = &lt;TCPStream.TCPStream object at 0x7f3068b41a80&gt;</msg>
<status status="PASS" starttime="20230422 13:35:15.916" endtime="20230422 13:35:15.917"/>
</kw>
<kw name="Append To List" library="Collections">
<arg>${ventilator_connections}</arg>
<arg>${connection}</arg>
<doc>Adds ``values`` to the end of ``list``.</doc>
<status status="PASS" starttime="20230422 13:35:15.917" endtime="20230422 13:35:15.918"/>
</kw>
<status status="PASS" starttime="20230422 13:35:15.916" endtime="20230422 13:35:15.918"/>
</iter>
<iter>
<var name="${i}">45</var>
<kw name="Connect" library="TCPStream">
<var>${connection}</var>
<arg>localhost</arg>
<arg>8738</arg>
<msg timestamp="20230422 13:35:15.919" level="INFO">${connection} = &lt;TCPStream.TCPStream object at 0x7f3068b41a80&gt;</msg>
<status status="PASS" starttime="20230422 13:35:15.918" endtime="20230422 13:35:15.919"/>
</kw>
<kw name="Append To List" library="Collections">
<arg>${ventilator_connections}</arg>
<arg>${connection}</arg>
<doc>Adds ``values`` to the end of ``list``.</doc>
<status status="PASS" starttime="20230422 13:35:15.919" endtime="20230422 13:35:15.919"/>
</kw>
<status status="PASS" starttime="20230422 13:35:15.918" endtime="20230422 13:35:15.919"/>
</iter>
<iter>
<var name="${i}">46</var>
<kw name="Connect" library="TCPStream">
<var>${connection}</var>
<arg>localhost</arg>
<arg>8738</arg>
<msg timestamp="20230422 13:35:15.920" level="INFO">${connection} = &lt;TCPStream.TCPStream object at 0x7f3068b41a80&gt;</msg>
<status status="PASS" starttime="20230422 13:35:15.919" endtime="20230422 13:35:15.920"/>
</kw>
<kw name="Append To List" library="Collections">
<arg>${ventilator_connections}</arg>
<arg>${connection}</arg>
<doc>Adds ``values`` to the end of ``list``.</doc>
<status status="PASS" starttime="20230422 13:35:15.920" endtime="20230422 13:35:15.920"/>
</kw>
<status status="PASS" starttime="20230422 13:35:15.919" endtime="20230422 13:35:15.920"/>
</iter>
<iter>
<var name="${i}">47</var>
<kw name="Connect" library="TCPStream">
<var>${connection}</var>
<arg>localhost</arg>
<arg>8738</arg>
<msg timestamp="20230422 13:35:15.920" level="INFO">${connection} = &lt;TCPStream.TCPStream object at 0x7f3068b41a80&gt;</msg>
<status status="PASS" starttime="20230422 13:35:15.920" endtime="20230422 13:35:15.920"/>
</kw>
<kw name="Append To List" library="Collections">
<arg>${ventilator_connections}</arg>
<arg>${connection}</arg>
<doc>Adds ``values`` to the end of ``list``.</doc>
<status status="PASS" starttime="20230422 13:35:15.920" endtime="20230422 13:35:15.921"/>
</kw>
<status status="PASS" starttime="20230422 13:35:15.920" endtime="20230422 13:35:15.921"/>
</iter>
<iter>
<var name="${i}">48</var>
<kw name="Connect" library="TCPStream">
<var>${connection}</var>
<arg>localhost</arg>
<arg>8738</arg>
<msg timestamp="20230422 13:35:15.921" level="INFO">${connection} = &lt;TCPStream.TCPStream object at 0x7f3068b41a80&gt;</msg>
<status status="PASS" starttime="20230422 13:35:15.921" endtime="20230422 13:35:15.921"/>
</kw>
<kw name="Append To List" library="Collections">
<arg>${ventilator_connections}</arg>
<arg>${connection}</arg>
<doc>Adds ``values`` to the end of ``list``.</doc>
<status status="PASS" starttime="20230422 13:35:15.921" endtime="20230422 13:35:15.922"/>
</kw>
<status status="PASS" starttime="20230422 13:35:15.921" endtime="20230422 13:35:15.922"/>
</iter>
<iter>
<var name="${i}">49</var>
<kw name="Connect" library="TCPStream">
<var>${connection}</var>
<arg>localhost</arg>
<arg>8738</arg>
<msg timestamp="20230422 13:35:15.927" level="INFO">${connection} = &lt;TCPStream.TCPStream object at 0x7f3068b41a80&gt;</msg>
<status status="PASS" starttime="20230422 13:35:15.927" endtime="20230422 13:35:15.927"/>
</kw>
<kw name="Append To List" library="Collections">
<arg>${ventilator_connections}</arg>
<arg>${connection}</arg>
<doc>Adds ``values`` to the end of ``list``.</doc>
<status status="PASS" starttime="20230422 13:35:15.927" endtime="20230422 13:35:15.928"/>
</kw>
<status status="PASS" starttime="20230422 13:35:15.922" endtime="20230422 13:35:15.928"/>
</iter>
<iter>
<var name="${i}">50</var>
<kw name="Connect" library="TCPStream">
<var>${connection}</var>
<arg>localhost</arg>
<arg>8738</arg>
<msg timestamp="20230422 13:35:15.929" level="INFO">${connection} = &lt;TCPStream.TCPStream object at 0x7f3068b41a80&gt;</msg>
<status status="PASS" starttime="20230422 13:35:15.928" endtime="20230422 13:35:15.929"/>
</kw>
<kw name="Append To List" library="Collections">
<arg>${ventilator_connections}</arg>
<arg>${connection}</arg>
<doc>Adds ``values`` to the end of ``list``.</doc>
<status status="PASS" starttime="20230422 13:35:15.929" endtime="20230422 13:35:15.929"/>
</kw>
<status status="PASS" starttime="20230422 13:35:15.928" endtime="20230422 13:35:15.929"/>
</iter>
<iter>
<var name="${i}">51</var>
<kw name="Connect" library="TCPStream">
<var>${connection}</var>
<arg>localhost</arg>
<arg>8738</arg>
<msg timestamp="20230422 13:35:15.930" level="INFO">${connection} = &lt;TCPStream.TCPStream object at 0x7f3068b41a80&gt;</msg>
<status status="PASS" starttime="20230422 13:35:15.929" endtime="20230422 13:35:15.930"/>
</kw>
<kw name="Append To List" library="Collections">
<arg>${ventilator_connections}</arg>
<arg>${connection}</arg>
<doc>Adds ``values`` to the end of ``list``.</doc>
<status status="PASS" starttime="20230422 13:35:15.932" endtime="20230422 13:35:15.932"/>
</kw>
<status status="PASS" starttime="20230422 13:35:15.929" endtime="20230422 13:35:15.932"/>
</iter>
<iter>
<var name="${i}">52</var>
<kw name="Connect" library="TCPStream">
<var>${connection}</var>
<arg>localhost</arg>
<arg>8738</arg>
<msg timestamp="20230422 13:35:15.933" level="INFO">${connection} = &lt;TCPStream.TCPStream object at 0x7f3068b41a80&gt;</msg>
<status status="PASS" starttime="20230422 13:35:15.932" endtime="20230422 13:35:15.933"/>
</kw>
<kw name="Append To List" library="Collections">
<arg>${ventilator_connections}</arg>
<arg>${connection}</arg>
<doc>Adds ``values`` to the end of ``list``.</doc>
<status status="PASS" starttime="20230422 13:35:15.933" endtime="20230422 13:35:15.933"/>
</kw>
<status status="PASS" starttime="20230422 13:35:15.932" endtime="20230422 13:35:15.933"/>
</iter>
<iter>
<var name="${i}">53</var>
<kw name="Connect" library="TCPStream">
<var>${connection}</var>
<arg>localhost</arg>
<arg>8738</arg>
<msg timestamp="20230422 13:35:15.933" level="INFO">${connection} = &lt;TCPStream.TCPStream object at 0x7f3068b41a80&gt;</msg>
<status status="PASS" starttime="20230422 13:35:15.933" endtime="20230422 13:35:15.933"/>
</kw>
<kw name="Append To List" library="Collections">
<arg>${ventilator_connections}</arg>
<arg>${connection}</arg>
<doc>Adds ``values`` to the end of ``list``.</doc>
<status status="PASS" starttime="20230422 13:35:15.934" endtime="20230422 13:35:15.934"/>
</kw>
<status status="PASS" starttime="20230422 13:35:15.933" endtime="20230422 13:35:15.934"/>
</iter>
<iter>
<var name="${i}">54</var>
<kw name="Connect" library="TCPStream">
<var>${connection}</var>
<arg>localhost</arg>
<arg>8738</arg>
<msg timestamp="20230422 13:35:15.934" level="INFO">${connection} = &lt;TCPStream.TCPStream object at 0x7f3068b41a80&gt;</msg>
<status status="PASS" starttime="20230422 13:35:15.934" endtime="20230422 13:35:15.934"/>
</kw>
<kw name="Append To List" library="Collections">
<arg>${ventilator_connections}</arg>
<arg>${connection}</arg>
<doc>Adds ``values`` to the end of ``list``.</doc>
<status status="PASS" starttime="20230422 13:35:15.935" endtime="20230422 13:35:15.935"/>
</kw>
<status status="PASS" starttime="20230422 13:35:15.934" endtime="20230422 13:35:15.935"/>
</iter>
<iter>
<var name="${i}">55</var>
<kw name="Connect" library="TCPStream">
<var>${connection}</var>
<arg>localhost</arg>
<arg>8738</arg>
<msg timestamp="20230422 13:35:15.935" level="INFO">${connection} = &lt;TCPStream.TCPStream object at 0x7f3068b41a80&gt;</msg>
<status status="PASS" starttime="20230422 13:35:15.935" endtime="20230422 13:35:15.935"/>
</kw>
<kw name="Append To List" library="Collections">
<arg>${ventilator_connections}</arg>
<arg>${connection}</arg>
<doc>Adds ``values`` to the end of ``list``.</doc>
<status status="PASS" starttime="20230422 13:35:15.935" endtime="20230422 13:35:15.936"/>
</kw>
<status status="PASS" starttime="20230422 13:35:15.935" endtime="20230422 13:35:15.936"/>
</iter>
<iter>
<var name="${i}">56</var>
<kw name="Connect" library="TCPStream">
<var>${connection}</var>
<arg>localhost</arg>
<arg>8738</arg>
<msg timestamp="20230422 13:35:15.943" level="INFO">${connection} = &lt;TCPStream.TCPStream object at 0x7f3068b41a80&gt;</msg>
<status status="PASS" starttime="20230422 13:35:15.942" endtime="20230422 13:35:15.943"/>
</kw>
<kw name="Append To List" library="Collections">
<arg>${ventilator_connections}</arg>
<arg>${connection}</arg>
<doc>Adds ``values`` to the end of ``list``.</doc>
<status status="PASS" starttime="20230422 13:35:15.943" endtime="20230422 13:35:15.943"/>
</kw>
<status status="PASS" starttime="20230422 13:35:15.936" endtime="20230422 13:35:15.943"/>
</iter>
<iter>
<var name="${i}">57</var>
<kw name="Connect" library="TCPStream">
<var>${connection}</var>
<arg>localhost</arg>
<arg>8738</arg>
<msg timestamp="20230422 13:35:15.944" level="INFO">${connection} = &lt;TCPStream.TCPStream object at 0x7f3068b41a80&gt;</msg>
<status status="PASS" starttime="20230422 13:35:15.944" endtime="20230422 13:35:15.944"/>
</kw>
<kw name="Append To List" library="Collections">
<arg>${ventilator_connections}</arg>
<arg>${connection}</arg>
<doc>Adds ``values`` to the end of ``list``.</doc>
<status status="PASS" starttime="20230422 13:35:15.944" endtime="20230422 13:35:15.944"/>
</kw>
<status status="PASS" starttime="20230422 13:35:15.943" endtime="20230422 13:35:15.944"/>
</iter>
<iter>
<var name="${i}">58</var>
<kw name="Connect" library="TCPStream">
<var>${connection}</var>
<arg>localhost</arg>
<arg>8738</arg>
<msg timestamp="20230422 13:35:15.945" level="INFO">${connection} = &lt;TCPStream.TCPStream object at 0x7f3068b41a80&gt;</msg>
<status status="PASS" starttime="20230422 13:35:15.944" endtime="20230422 13:35:15.945"/>
</kw>
<kw name="Append To List" library="Collections">
<arg>${ventilator_connections}</arg>
<arg>${connection}</arg>
<doc>Adds ``values`` to the end of ``list``.</doc>
<status status="PASS" starttime="20230422 13:35:15.945" endtime="20230422 13:35:15.945"/>
</kw>
<status status="PASS" starttime="20230422 13:35:15.944" endtime="20230422 13:35:15.945"/>
</iter>
<iter>
<var name="${i}">59</var>
<kw name="Connect" library="TCPStream">
<var>${connection}</var>
<arg>localhost</arg>
<arg>8738</arg>
<msg timestamp="20230422 13:35:15.945" level="INFO">${connection} = &lt;TCPStream.TCPStream object at 0x7f3068b41a80&gt;</msg>
<status status="PASS" starttime="20230422 13:35:15.945" endtime="20230422 13:35:15.945"/>
</kw>
<kw name="Append To List" library="Collections">
<arg>${ventilator_connections}</arg>
<arg>${connection}</arg>
<doc>Adds ``values`` to the end of ``list``.</doc>
<status status="PASS" starttime="20230422 13:35:15.946" endtime="20230422 13:35:15.949"/>
</kw>
<status status="PASS" starttime="20230422 13:35:15.945" endtime="20230422 13:35:15.949"/>
</iter>
<iter>
<var name="${i}">60</var>
<kw name="Connect" library="TCPStream">
<var>${connection}</var>
<arg>localhost</arg>
<arg>8738</arg>
<msg timestamp="20230422 13:35:15.951" level="INFO">${connection} = &lt;TCPStream.TCPStream object at 0x7f3068b41a80&gt;</msg>
<status status="PASS" starttime="20230422 13:35:15.951" endtime="20230422 13:35:15.951"/>
</kw>
<kw name="Append To List" library="Collections">
<arg>${ventilator_connections}</arg>
<arg>${connection}</arg>
<doc>Adds ``values`` to the end of ``list``.</doc>
<status status="PASS" starttime="20230422 13:35:15.951" endtime="20230422 13:35:15.952"/>
</kw>
<status status="PASS" starttime="20230422 13:35:15.950" endtime="20230422 13:35:15.952"/>
</iter>
<iter>
<var name="${i}">61</var>
<kw name="Connect" library="TCPStream">
<var>${connection}</var>
<arg>localhost</arg>
<arg>8738</arg>
<msg timestamp="20230422 13:35:15.952" level="INFO">${connection} = &lt;TCPStream.TCPStream object at 0x7f3068b41a80&gt;</msg>
<status status="PASS" starttime="20230422 13:35:15.952" endtime="20230422 13:35:15.952"/>
</kw>
<kw name="Append To List" library="Collections">
<arg>${ventilator_connections}</arg>
<arg>${connection}</arg>
<doc>Adds ``values`` to the end of ``list``.</doc>
<status status="PASS" starttime="20230422 13:35:15.952" endtime="20230422 13:35:15.952"/>
</kw>
<status status="PASS" starttime="20230422 13:35:15.952" endtime="20230422 13:35:15.952"/>
</iter>
<iter>
<var name="${i}">62</var>
<kw name="Connect" library="TCPStream">
<var>${connection}</var>
<arg>localhost</arg>
<arg>8738</arg>
<msg timestamp="20230422 13:35:15.953" level="INFO">${connection} = &lt;TCPStream.TCPStream object at 0x7f3068b41a80&gt;</msg>
<status status="PASS" starttime="20230422 13:35:15.953" endtime="20230422 13:35:15.953"/>
</kw>
<kw name="Append To List" library="Collections">
<arg>${ventilator_connections}</arg>
<arg>${connection}</arg>
<doc>Adds ``values`` to the end of ``list``.</doc>
<status status="PASS" starttime="20230422 13:35:15.953" endtime="20230422 13:35:15.953"/>
</kw>
<status status="PASS" starttime="20230422 13:35:15.953" endtime="20230422 13:35:15.953"/>
</iter>
<iter>
<var name="${i}">63</var>
<kw name="Connect" library="TCPStream">
<var>${connection}</var>
<arg>localhost</arg>
<arg>8738</arg>
<msg timestamp="20230422 13:35:15.954" level="INFO">${connection} = &lt;TCPStream.TCPStream object at 0x7f3068b41a80&gt;</msg>
<status status="PASS" starttime="20230422 13:35:15.953" endtime="20230422 13:35:15.954"/>
</kw>
<kw name="Append To List" library="Collections">
<arg>${ventilator_connections}</arg>
<arg>${connection}</arg>
<doc>Adds ``values`` to the end of ``list``.</doc>
<status status="PASS" starttime="20230422 13:35:15.954" endtime="20230422 13:35:15.954"/>
</kw>
<status status="PASS" starttime="20230422 13:35:15.953" endtime="20230422 13:35:15.954"/>
</iter>
<iter>
<var name="${i}">64</var>
<kw name="Connect" library="TCPStream">
<var>${connection}</var>
<arg>localhost</arg>
<arg>8738</arg>
<msg timestamp="20230422 13:35:15.955" level="INFO">${connection} = &lt;TCPStream.TCPStream object at 0x7f3068b41a80&gt;</msg>
<status status="PASS" starttime="20230422 13:35:15.954" endtime="20230422 13:35:15.955"/>
</kw>
<kw name="Append To List" library="Collections">
<arg>${ventilator_connections}</arg>
<arg>${connection}</arg>
<doc>Adds ``values`` to the end of ``list``.</doc>
<status status="PASS" starttime="20230422 13:35:15.955" endtime="20230422 13:35:15.955"/>
</kw>
<status status="PASS" starttime="20230422 13:35:15.954" endtime="20230422 13:35:15.955"/>
</iter>
<iter>
<var name="${i}">65</var>
<kw name="Connect" library="TCPStream">
<var>${connection}</var>
<arg>localhost</arg>
<arg>8738</arg>
<msg timestamp="20230422 13:35:15.955" level="INFO">${connection} = &lt;TCPStream.TCPStream object at 0x7f3068b41a80&gt;</msg>
<status status="PASS" starttime="20230422 13:35:15.955" endtime="20230422 13:35:15.955"/>
</kw>
<kw name="Append To List" library="Collections">
<arg>${ventilator_connections}</arg>
<arg>${connection}</arg>
<doc>Adds ``values`` to the end of ``list``.</doc>
<status status="PASS" starttime="20230422 13:35:15.956" endtime="20230422 13:35:15.956"/>
</kw>
<status status="PASS" starttime="20230422 13:35:15.955" endtime="20230422 13:35:15.956"/>
</iter>
<iter>
<var name="${i}">66</var>
<kw name="Connect" library="TCPStream">
<var>${connection}</var>
<arg>localhost</arg>
<arg>8738</arg>
<msg timestamp="20230422 13:35:15.956" level="INFO">${connection} = &lt;TCPStream.TCPStream object at 0x7f3068b41a80&gt;</msg>
<status status="PASS" starttime="20230422 13:35:15.956" endtime="20230422 13:35:15.956"/>
</kw>
<kw name="Append To List" library="Collections">
<arg>${ventilator_connections}</arg>
<arg>${connection}</arg>
<doc>Adds ``values`` to the end of ``list``.</doc>
<status status="PASS" starttime="20230422 13:35:15.957" endtime="20230422 13:35:15.957"/>
</kw>
<status status="PASS" starttime="20230422 13:35:15.956" endtime="20230422 13:35:15.957"/>
</iter>
<iter>
<var name="${i}">67</var>
<kw name="Connect" library="TCPStream">
<var>${connection}</var>
<arg>localhost</arg>
<arg>8738</arg>
<msg timestamp="20230422 13:35:15.957" level="INFO">${connection} = &lt;TCPStream.TCPStream object at 0x7f3068b41a80&gt;</msg>
<status status="PASS" starttime="20230422 13:35:15.957" endtime="20230422 13:35:15.957"/>
</kw>
<kw name="Append To List" library="Collections">
<arg>${ventilator_connections}</arg>
<arg>${connection}</arg>
<doc>Adds ``values`` to the end of ``list``.</doc>
<status status="PASS" starttime="20230422 13:35:15.957" endtime="20230422 13:35:15.963"/>
</kw>
<status status="PASS" starttime="20230422 13:35:15.957" endtime="20230422 13:35:15.963"/>
</iter>
<iter>
<var name="${i}">68</var>
<kw name="Connect" library="TCPStream">
<var>${connection}</var>
<arg>localhost</arg>
<arg>8738</arg>
<msg timestamp="20230422 13:35:15.965" level="INFO">${connection} = &lt;TCPStream.TCPStream object at 0x7f3068b41a80&gt;</msg>
<status status="PASS" starttime="20230422 13:35:15.963" endtime="20230422 13:35:15.965"/>
</kw>
<kw name="Append To List" library="Collections">
<arg>${ventilator_connections}</arg>
<arg>${connection}</arg>
<doc>Adds ``values`` to the end of ``list``.</doc>
<status status="PASS" starttime="20230422 13:35:15.965" endtime="20230422 13:35:15.966"/>
</kw>
<status status="PASS" starttime="20230422 13:35:15.963" endtime="20230422 13:35:15.966"/>
</iter>
<iter>
<var name="${i}">69</var>
<kw name="Connect" library="TCPStream">
<var>${connection}</var>
<arg>localhost</arg>
<arg>8738</arg>
<msg timestamp="20230422 13:35:15.966" level="INFO">${connection} = &lt;TCPStream.TCPStream object at 0x7f3068b41a80&gt;</msg>
<status status="PASS" starttime="20230422 13:35:15.966" endtime="20230422 13:35:15.966"/>
</kw>
<kw name="Append To List" library="Collections">
<arg>${ventilator_connections}</arg>
<arg>${connection}</arg>
<doc>Adds ``values`` to the end of ``list``.</doc>
<status status="PASS" starttime="20230422 13:35:15.966" endtime="20230422 13:35:15.967"/>
</kw>
<status status="PASS" starttime="20230422 13:35:15.966" endtime="20230422 13:35:15.967"/>
</iter>
<iter>
<var name="${i}">70</var>
<kw name="Connect" library="TCPStream">
<var>${connection}</var>
<arg>localhost</arg>
<arg>8738</arg>
<msg timestamp="20230422 13:35:15.967" level="INFO">${connection} = &lt;TCPStream.TCPStream object at 0x7f3068b41a80&gt;</msg>
<status status="PASS" starttime="20230422 13:35:15.967" endtime="20230422 13:35:15.967"/>
</kw>
<kw name="Append To List" library="Collections">
<arg>${ventilator_connections}</arg>
<arg>${connection}</arg>
<doc>Adds ``values`` to the end of ``list``.</doc>
<status status="PASS" starttime="20230422 13:35:15.967" endtime="20230422 13:35:15.967"/>
</kw>
<status status="PASS" starttime="20230422 13:35:15.967" endtime="20230422 13:35:15.967"/>
</iter>
<iter>
<var name="${i}">71</var>
<kw name="Connect" library="TCPStream">
<var>${connection}</var>
<arg>localhost</arg>
<arg>8738</arg>
<msg timestamp="20230422 13:35:15.972" level="INFO">${connection} = &lt;TCPStream.TCPStream object at 0x7f3068b41a80&gt;</msg>
<status status="PASS" starttime="20230422 13:35:15.971" endtime="20230422 13:35:15.972"/>
</kw>
<kw name="Append To List" library="Collections">
<arg>${ventilator_connections}</arg>
<arg>${connection}</arg>
<doc>Adds ``values`` to the end of ``list``.</doc>
<status status="PASS" starttime="20230422 13:35:15.973" endtime="20230422 13:35:15.973"/>
</kw>
<status status="PASS" starttime="20230422 13:35:15.968" endtime="20230422 13:35:15.973"/>
</iter>
<iter>
<var name="${i}">72</var>
<kw name="Connect" library="TCPStream">
<var>${connection}</var>
<arg>localhost</arg>
<arg>8738</arg>
<msg timestamp="20230422 13:35:15.974" level="INFO">${connection} = &lt;TCPStream.TCPStream object at 0x7f3068b41a80&gt;</msg>
<status status="PASS" starttime="20230422 13:35:15.973" endtime="20230422 13:35:15.974"/>
</kw>
<kw name="Append To List" library="Collections">
<arg>${ventilator_connections}</arg>
<arg>${connection}</arg>
<doc>Adds ``values`` to the end of ``list``.</doc>
<status status="PASS" starttime="20230422 13:35:15.977" endtime="20230422 13:35:15.977"/>
</kw>
<status status="PASS" starttime="20230422 13:35:15.973" endtime="20230422 13:35:15.977"/>
</iter>
<iter>
<var name="${i}">73</var>
<kw name="Connect" library="TCPStream">
<var>${connection}</var>
<arg>localhost</arg>
<arg>8738</arg>
<msg timestamp="20230422 13:35:15.979" level="INFO">${connection} = &lt;TCPStream.TCPStream object at 0x7f3068b41a80&gt;</msg>
<status status="PASS" starttime="20230422 13:35:15.977" endtime="20230422 13:35:15.979"/>
</kw>
<kw name="Append To List" library="Collections">
<arg>${ventilator_connections}</arg>
<arg>${connection}</arg>
<doc>Adds ``values`` to the end of ``list``.</doc>
<status status="PASS" starttime="20230422 13:35:15.979" endtime="20230422 13:35:15.979"/>
</kw>
<status status="PASS" starttime="20230422 13:35:15.977" endtime="20230422 13:35:15.979"/>
</iter>
<iter>
<var name="${i}">74</var>
<kw name="Connect" library="TCPStream">
<var>${connection}</var>
<arg>localhost</arg>
<arg>8738</arg>
<msg timestamp="20230422 13:35:15.980" level="INFO">${connection} = &lt;TCPStream.TCPStream object at 0x7f3068b41a80&gt;</msg>
<status status="PASS" starttime="20230422 13:35:15.979" endtime="20230422 13:35:15.980"/>
</kw>
<kw name="Append To List" library="Collections">
<arg>${ventilator_connections}</arg>
<arg>${connection}</arg>
<doc>Adds ``values`` to the end of ``list``.</doc>
<status status="PASS" starttime="20230422 13:35:15.980" endtime="20230422 13:35:15.980"/>
</kw>
<status status="PASS" starttime="20230422 13:35:15.979" endtime="20230422 13:35:15.980"/>
</iter>
<iter>
<var name="${i}">75</var>
<kw name="Connect" library="TCPStream">
<var>${connection}</var>
<arg>localhost</arg>
<arg>8738</arg>
<msg timestamp="20230422 13:35:15.980" level="INFO">${connection} = &lt;TCPStream.TCPStream object at 0x7f3068b41a80&gt;</msg>
<status status="PASS" starttime="20230422 13:35:15.980" endtime="20230422 13:35:15.981"/>
</kw>
<kw name="Append To List" library="Collections">
<arg>${ventilator_connections}</arg>
<arg>${connection}</arg>
<doc>Adds ``values`` to the end of ``list``.</doc>
<status status="PASS" starttime="20230422 13:35:15.981" endtime="20230422 13:35:15.981"/>
</kw>
<status status="PASS" starttime="20230422 13:35:15.980" endtime="20230422 13:35:15.981"/>
</iter>
<iter>
<var name="${i}">76</var>
<kw name="Connect" library="TCPStream">
<var>${connection}</var>
<arg>localhost</arg>
<arg>8738</arg>
<msg timestamp="20230422 13:35:15.981" level="INFO">${connection} = &lt;TCPStream.TCPStream object at 0x7f3068b41a80&gt;</msg>
<status status="PASS" starttime="20230422 13:35:15.981" endtime="20230422 13:35:15.981"/>
</kw>
<kw name="Append To List" library="Collections">
<arg>${ventilator_connections}</arg>
<arg>${connection}</arg>
<doc>Adds ``values`` to the end of ``list``.</doc>
<status status="PASS" starttime="20230422 13:35:15.981" endtime="20230422 13:35:15.982"/>
</kw>
<status status="PASS" starttime="20230422 13:35:15.981" endtime="20230422 13:35:15.982"/>
</iter>
<iter>
<var name="${i}">77</var>
<kw name="Connect" library="TCPStream">
<var>${connection}</var>
<arg>localhost</arg>
<arg>8738</arg>
<msg timestamp="20230422 13:35:15.985" level="INFO">${connection} = &lt;TCPStream.TCPStream object at 0x7f3068b41a80&gt;</msg>
<status status="PASS" starttime="20230422 13:35:15.985" endtime="20230422 13:35:15.985"/>
</kw>
<kw name="Append To List" library="Collections">
<arg>${ventilator_connections}</arg>
<arg>${connection}</arg>
<doc>Adds ``values`` to the end of ``list``.</doc>
<status status="PASS" starttime="20230422 13:35:15.985" endtime="20230422 13:35:15.985"/>
</kw>
<status status="PASS" starttime="20230422 13:35:15.984" endtime="20230422 13:35:15.985"/>
</iter>
<iter>
<var name="${i}">78</var>
<kw name="Connect" library="TCPStream">
<var>${connection}</var>
<arg>localhost</arg>
<arg>8738</arg>
<msg timestamp="20230422 13:35:15.986" level="INFO">${connection} = &lt;TCPStream.TCPStream object at 0x7f3068b41a80&gt;</msg>
<status status="PASS" starttime="20230422 13:35:15.985" endtime="20230422 13:35:15.986"/>
</kw>
<kw name="Append To List" library="Collections">
<arg>${ventilator_connections}</arg>
<arg>${connection}</arg>
<doc>Adds ``values`` to the end of ``list``.</doc>
<status status="PASS" starttime="20230422 13:35:15.986" endtime="20230422 13:35:15.986"/>
</kw>
<status status="PASS" starttime="20230422 13:35:15.985" endtime="20230422 13:35:15.986"/>
</iter>
<iter>
<var name="${i}">79</var>
<kw name="Connect" library="TCPStream">
<var>${connection}</var>
<arg>localhost</arg>
<arg>8738</arg>
<msg timestamp="20230422 13:35:15.990" level="INFO">${connection} = &lt;TCPStream.TCPStream object at 0x7f3068b41a80&gt;</msg>
<status status="PASS" starttime="20230422 13:35:15.986" endtime="20230422 13:35:15.990"/>
</kw>
<kw name="Append To List" library="Collections">
<arg>${ventilator_connections}</arg>
<arg>${connection}</arg>
<doc>Adds ``values`` to the end of ``list``.</doc>
<status status="PASS" starttime="20230422 13:35:15.990" endtime="20230422 13:35:15.990"/>
</kw>
<status status="PASS" starttime="20230422 13:35:15.986" endtime="20230422 13:35:15.990"/>
</iter>
<iter>
<var name="${i}">80</var>
<kw name="Connect" library="TCPStream">
<var>${connection}</var>
<arg>localhost</arg>
<arg>8738</arg>
<msg timestamp="20230422 13:35:15.991" level="INFO">${connection} = &lt;TCPStream.TCPStream object at 0x7f3068b41a80&gt;</msg>
<status status="PASS" starttime="20230422 13:35:15.990" endtime="20230422 13:35:15.991"/>
</kw>
<kw name="Append To List" library="Collections">
<arg>${ventilator_connections}</arg>
<arg>${connection}</arg>
<doc>Adds ``values`` to the end of ``list``.</doc>
<status status="PASS" starttime="20230422 13:35:15.991" endtime="20230422 13:35:15.991"/>
</kw>
<status status="PASS" starttime="20230422 13:35:15.990" endtime="20230422 13:35:15.991"/>
</iter>
<iter>
<var name="${i}">81</var>
<kw name="Connect" library="TCPStream">
<var>${connection}</var>
<arg>localhost</arg>
<arg>8738</arg>
<msg timestamp="20230422 13:35:15.991" level="INFO">${connection} = &lt;TCPStream.TCPStream object at 0x7f3068b41a80&gt;</msg>
<status status="PASS" starttime="20230422 13:35:15.991" endtime="20230422 13:35:15.991"/>
</kw>
<kw name="Append To List" library="Collections">
<arg>${ventilator_connections}</arg>
<arg>${connection}</arg>
<doc>Adds ``values`` to the end of ``list``.</doc>
<status status="PASS" starttime="20230422 13:35:15.991" endtime="20230422 13:35:15.992"/>
</kw>
<status status="PASS" starttime="20230422 13:35:15.991" endtime="20230422 13:35:15.992"/>
</iter>
<iter>
<var name="${i}">82</var>
<kw name="Connect" library="TCPStream">
<var>${connection}</var>
<arg>localhost</arg>
<arg>8738</arg>
<msg timestamp="20230422 13:35:15.992" level="INFO">${connection} = &lt;TCPStream.TCPStream object at 0x7f3068b41a80&gt;</msg>
<status status="PASS" starttime="20230422 13:35:15.992" endtime="20230422 13:35:15.992"/>
</kw>
<kw name="Append To List" library="Collections">
<arg>${ventilator_connections}</arg>
<arg>${connection}</arg>
<doc>Adds ``values`` to the end of ``list``.</doc>
<status status="PASS" starttime="20230422 13:35:15.992" endtime="20230422 13:35:15.992"/>
</kw>
<status status="PASS" starttime="20230422 13:35:15.992" endtime="20230422 13:35:15.992"/>
</iter>
<iter>
<var name="${i}">83</var>
<kw name="Connect" library="TCPStream">
<var>${connection}</var>
<arg>localhost</arg>
<arg>8738</arg>
<msg timestamp="20230422 13:35:15.993" level="INFO">${connection} = &lt;TCPStream.TCPStream object at 0x7f3068b41a80&gt;</msg>
<status status="PASS" starttime="20230422 13:35:15.992" endtime="20230422 13:35:15.993"/>
</kw>
<kw name="Append To List" library="Collections">
<arg>${ventilator_connections}</arg>
<arg>${connection}</arg>
<doc>Adds ``values`` to the end of ``list``.</doc>
<status status="PASS" starttime="20230422 13:35:15.993" endtime="20230422 13:35:15.993"/>
</kw>
<status status="PASS" starttime="20230422 13:35:15.992" endtime="20230422 13:35:15.993"/>
</iter>
<iter>
<var name="${i}">84</var>
<kw name="Connect" library="TCPStream">
<var>${connection}</var>
<arg>localhost</arg>
<arg>8738</arg>
<msg timestamp="20230422 13:35:15.998" level="INFO">${connection} = &lt;TCPStream.TCPStream object at 0x7f3068b41a80&gt;</msg>
<status status="PASS" starttime="20230422 13:35:15.993" endtime="20230422 13:35:15.998"/>
</kw>
<kw name="Append To List" library="Collections">
<arg>${ventilator_connections}</arg>
<arg>${connection}</arg>
<doc>Adds ``values`` to the end of ``list``.</doc>
<status status="PASS" starttime="20230422 13:35:15.998" endtime="20230422 13:35:15.998"/>
</kw>
<status status="PASS" starttime="20230422 13:35:15.993" endtime="20230422 13:35:15.998"/>
</iter>
<iter>
<var name="${i}">85</var>
<kw name="Connect" library="TCPStream">
<var>${connection}</var>
<arg>localhost</arg>
<arg>8738</arg>
<msg timestamp="20230422 13:35:15.999" level="INFO">${connection} = &lt;TCPStream.TCPStream object at 0x7f3068b41a80&gt;</msg>
<status status="PASS" starttime="20230422 13:35:15.998" endtime="20230422 13:35:15.999"/>
</kw>
<kw name="Append To List" library="Collections">
<arg>${ventilator_connections}</arg>
<arg>${connection}</arg>
<doc>Adds ``values`` to the end of ``list``.</doc>
<status status="PASS" starttime="20230422 13:35:16.001" endtime="20230422 13:35:16.002"/>
</kw>
<status status="PASS" starttime="20230422 13:35:15.998" endtime="20230422 13:35:16.002"/>
</iter>
<iter>
<var name="${i}">86</var>
<kw name="Connect" library="TCPStream">
<var>${connection}</var>
<arg>localhost</arg>
<arg>8738</arg>
<msg timestamp="20230422 13:35:16.003" level="INFO">${connection} = &lt;TCPStream.TCPStream object at 0x7f3068b41a80&gt;</msg>
<status status="PASS" starttime="20230422 13:35:16.002" endtime="20230422 13:35:16.003"/>
</kw>
<kw name="Append To List" library="Collections">
<arg>${ventilator_connections}</arg>
<arg>${connection}</arg>
<doc>Adds ``values`` to the end of ``list``.</doc>
<status status="PASS" starttime="20230422 13:35:16.003" endtime="20230422 13:35:16.003"/>
</kw>
<status status="PASS" starttime="20230422 13:35:16.002" endtime="20230422 13:35:16.003"/>
</iter>
<iter>
<var name="${i}">87</var>
<kw name="Connect" library="TCPStream">
<var>${connection}</var>
<arg>localhost</arg>
<arg>8738</arg>
<msg timestamp="20230422 13:35:16.003" level="INFO">${connection} = &lt;TCPStream.TCPStream object at 0x7f3068b41a80&gt;</msg>
<status status="PASS" starttime="20230422 13:35:16.003" endtime="20230422 13:35:16.003"/>
</kw>
<kw name="Append To List" library="Collections">
<arg>${ventilator_connections}</arg>
<arg>${connection}</arg>
<doc>Adds ``values`` to the end of ``list``.</doc>
<status status="PASS" starttime="20230422 13:35:16.003" endtime="20230422 13:35:16.004"/>
</kw>
<status status="PASS" starttime="20230422 13:35:16.003" endtime="20230422 13:35:16.004"/>
</iter>
<iter>
<var name="${i}">88</var>
<kw name="Connect" library="TCPStream">
<var>${connection}</var>
<arg>localhost</arg>
<arg>8738</arg>
<msg timestamp="20230422 13:35:16.004" level="INFO">${connection} = &lt;TCPStream.TCPStream object at 0x7f3068b41a80&gt;</msg>
<status status="PASS" starttime="20230422 13:35:16.004" endtime="20230422 13:35:16.004"/>
</kw>
<kw name="Append To List" library="Collections">
<arg>${ventilator_connections}</arg>
<arg>${connection}</arg>
<doc>Adds ``values`` to the end of ``list``.</doc>
<status status="PASS" starttime="20230422 13:35:16.004" endtime="20230422 13:35:16.004"/>
</kw>
<status status="PASS" starttime="20230422 13:35:16.004" endtime="20230422 13:35:16.004"/>
</iter>
<iter>
<var name="${i}">89</var>
<kw name="Connect" library="TCPStream">
<var>${connection}</var>
<arg>localhost</arg>
<arg>8738</arg>
<msg timestamp="20230422 13:35:16.010" level="INFO">${connection} = &lt;TCPStream.TCPStream object at 0x7f3068b41a80&gt;</msg>
<status status="PASS" starttime="20230422 13:35:16.004" endtime="20230422 13:35:16.010"/>
</kw>
<kw name="Append To List" library="Collections">
<arg>${ventilator_connections}</arg>
<arg>${connection}</arg>
<doc>Adds ``values`` to the end of ``list``.</doc>
<status status="PASS" starttime="20230422 13:35:16.010" endtime="20230422 13:35:16.010"/>
</kw>
<status status="PASS" starttime="20230422 13:35:16.004" endtime="20230422 13:35:16.010"/>
</iter>
<iter>
<var name="${i}">90</var>
<kw name="Connect" library="TCPStream">
<var>${connection}</var>
<arg>localhost</arg>
<arg>8738</arg>
<msg timestamp="20230422 13:35:16.011" level="INFO">${connection} = &lt;TCPStream.TCPStream object at 0x7f3068b41a80&gt;</msg>
<status status="PASS" starttime="20230422 13:35:16.010" endtime="20230422 13:35:16.011"/>
</kw>
<kw name="Append To List" library="Collections">
<arg>${ventilator_connections}</arg>
<arg>${connection}</arg>
<doc>Adds ``values`` to the end of ``list``.</doc>
<status status="PASS" starttime="20230422 13:35:16.011" endtime="20230422 13:35:16.012"/>
</kw>
<status status="PASS" starttime="20230422 13:35:16.010" endtime="20230422 13:35:16.012"/>
</iter>
<iter>
<var name="${i}">91</var>
<kw name="Connect" library="TCPStream">
<var>${connection}</var>
<arg>localhost</arg>
<arg>8738</arg>
<msg timestamp="20230422 13:35:16.013" level="INFO">${connection} = &lt;TCPStream.TCPStream object at 0x7f3068b41a80&gt;</msg>
<status status="PASS" starttime="20230422 13:35:16.012" endtime="20230422 13:35:16.013"/>
</kw>
<kw name="Append To List" library="Collections">
<arg>${ventilator_connections}</arg>
<arg>${connection}</arg>
<doc>Adds ``values`` to the end of ``list``.</doc>
<status status="PASS" starttime="20230422 13:35:16.013" endtime="20230422 13:35:16.013"/>
</kw>
<status status="PASS" starttime="20230422 13:35:16.012" endtime="20230422 13:35:16.013"/>
</iter>
<iter>
<var name="${i}">92</var>
<kw name="Connect" library="TCPStream">
<var>${connection}</var>
<arg>localhost</arg>
<arg>8738</arg>
<msg timestamp="20230422 13:35:16.013" level="INFO">${connection} = &lt;TCPStream.TCPStream object at 0x7f3068b41a80&gt;</msg>
<status status="PASS" starttime="20230422 13:35:16.013" endtime="20230422 13:35:16.013"/>
</kw>
<kw name="Append To List" library="Collections">
<arg>${ventilator_connections}</arg>
<arg>${connection}</arg>
<doc>Adds ``values`` to the end of ``list``.</doc>
<status status="PASS" starttime="20230422 13:35:16.013" endtime="20230422 13:35:16.014"/>
</kw>
<status status="PASS" starttime="20230422 13:35:16.013" endtime="20230422 13:35:16.014"/>
</iter>
<iter>
<var name="${i}">93</var>
<kw name="Connect" library="TCPStream">
<var>${connection}</var>
<arg>localhost</arg>
<arg>8738</arg>
<msg timestamp="20230422 13:35:16.014" level="INFO">${connection} = &lt;TCPStream.TCPStream object at 0x7f3068b41a80&gt;</msg>
<status status="PASS" starttime="20230422 13:35:16.014" endtime="20230422 13:35:16.014"/>
</kw>
<kw name="Append To List" library="Collections">
<arg>${ventilator_connections}</arg>
<arg>${connection}</arg>
<doc>Adds ``values`` to the end of ``list``.</doc>
<status status="PASS" starttime="20230422 13:35:16.014" endtime="20230422 13:35:16.014"/>
</kw>
<status status="PASS" starttime="20230422 13:35:16.014" endtime="20230422 13:35:16.014"/>
</iter>
<iter>
<var name="${i}">94</var>
<kw name="Connect" library="TCPStream">
<var>${connection}</var>
<arg>localhost</arg>
<arg>8738</arg>
<msg timestamp="20230422 13:35:16.019" level="INFO">${connection} = &lt;TCPStream.TCPStream object at 0x7f3068b41a80&gt;</msg>
<status status="PASS" starttime="20230422 13:35:16.018" endtime="20230422 13:35:16.019"/>
</kw>
<kw name="Append To List" library="Collections">
<arg>${ventilator_connections}</arg>
<arg>${connection}</arg>
<doc>Adds ``values`` to the end of ``list``.</doc>
<status status="PASS" starttime="20230422 13:35:16.019" endtime="20230422 13:35:16.019"/>
</kw>
<status status="PASS" starttime="20230422 13:35:16.014" endtime="20230422 13:35:16.019"/>
</iter>
<iter>
<var name="${i}">95</var>
<kw name="Connect" library="TCPStream">
<var>${connection}</var>
<arg>localhost</arg>
<arg>8738</arg>
<msg timestamp="20230422 13:35:16.020" level="INFO">${connection} = &lt;TCPStream.TCPStream object at 0x7f3068b41a80&gt;</msg>
<status status="PASS" starttime="20230422 13:35:16.020" endtime="20230422 13:35:16.020"/>
</kw>
<kw name="Append To List" library="Collections">
<arg>${ventilator_connections}</arg>
<arg>${connection}</arg>
<doc>Adds ``values`` to the end of ``list``.</doc>
<status status="PASS" starttime="20230422 13:35:16.020" endtime="20230422 13:35:16.021"/>
</kw>
<status status="PASS" starttime="20230422 13:35:16.019" endtime="20230422 13:35:16.021"/>
</iter>
<iter>
<var name="${i}">96</var>
<kw name="Connect" library="TCPStream">
<var>${connection}</var>
<arg>localhost</arg>
<arg>8738</arg>
<msg timestamp="20230422 13:35:16.021" level="INFO">${connection} = &lt;TCPStream.TCPStream object at 0x7f3068b41a80&gt;</msg>
<status status="PASS" starttime="20230422 13:35:16.021" endtime="20230422 13:35:16.021"/>
</kw>
<kw name="Append To List" library="Collections">
<arg>${ventilator_connections}</arg>
<arg>${connection}</arg>
<doc>Adds ``values`` to the end of ``list``.</doc>
<status status="PASS" starttime="20230422 13:35:16.021" endtime="20230422 13:35:16.021"/>
</kw>
<status status="PASS" starttime="20230422 13:35:16.021" endtime="20230422 13:35:16.026"/>
</iter>
<iter>
<var name="${i}">97</var>
<kw name="Connect" library="TCPStream">
<var>${connection}</var>
<arg>localhost</arg>
<arg>8738</arg>
<msg timestamp="20230422 13:35:16.026" level="INFO">${connection} = &lt;TCPStream.TCPStream object at 0x7f3068b41a80&gt;</msg>
<status status="PASS" starttime="20230422 13:35:16.026" endtime="20230422 13:35:16.026"/>
</kw>
<kw name="Append To List" library="Collections">
<arg>${ventilator_connections}</arg>
<arg>${connection}</arg>
<doc>Adds ``values`` to the end of ``list``.</doc>
<status status="PASS" starttime="20230422 13:35:16.026" endtime="20230422 13:35:16.027"/>
</kw>
<status status="PASS" starttime="20230422 13:35:16.026" endtime="20230422 13:35:16.027"/>
</iter>
<iter>
<var name="${i}">98</var>
<kw name="Connect" library="TCPStream">
<var>${connection}</var>
<arg>localhost</arg>
<arg>8738</arg>
<msg timestamp="20230422 13:35:16.027" level="INFO">${connection} = &lt;TCPStream.TCPStream object at 0x7f3068b41a80&gt;</msg>
<status status="PASS" starttime="20230422 13:35:16.027" endtime="20230422 13:35:16.027"/>
</kw>
<kw name="Append To List" library="Collections">
<arg>${ventilator_connections}</arg>
<arg>${connection}</arg>
<doc>Adds ``values`` to the end of ``list``.</doc>
<status status="PASS" starttime="20230422 13:35:16.027" endtime="20230422 13:35:16.027"/>
</kw>
<status status="PASS" starttime="20230422 13:35:16.027" endtime="20230422 13:35:16.027"/>
</iter>
<iter>
<var name="${i}">99</var>
<kw name="Connect" library="TCPStream">
<var>${connection}</var>
<arg>localhost</arg>
<arg>8738</arg>
<msg timestamp="20230422 13:35:16.028" level="INFO">${connection} = &lt;TCPStream.TCPStream object at 0x7f3068b41a80&gt;</msg>
<status status="PASS" starttime="20230422 13:35:16.028" endtime="20230422 13:35:16.028"/>
</kw>
<kw name="Append To List" library="Collections">
<arg>${ventilator_connections}</arg>
<arg>${connection}</arg>
<doc>Adds ``values`` to the end of ``list``.</doc>
<status status="PASS" starttime="20230422 13:35:16.028" endtime="20230422 13:35:16.028"/>
</kw>
<status status="PASS" starttime="20230422 13:35:16.028" endtime="20230422 13:35:16.028"/>
</iter>
<status status="PASS" starttime="20230422 13:35:15.817" endtime="20230422 13:35:16.028"/>
</for>
<kw name="Sleep" library="BuiltIn">
<arg>100ms</arg>
<arg>Wait for the ZMQ IPC file to be initialized</arg>
<doc>Pauses the test executed for the given time.</doc>
<msg timestamp="20230422 13:35:16.138" level="INFO">Slept 100 milliseconds</msg>
<msg timestamp="20230422 13:35:16.138" level="INFO">Wait for the ZMQ IPC file to be initialized</msg>
<status status="PASS" starttime="20230422 13:35:16.037" endtime="20230422 13:35:16.138"/>
</kw>
<kw name="Set Variable" library="BuiltIn">
<var>${encoded_dummy_block_waveform}</var>
<arg>${dummy_block_waveform.encode('utf-8')}</arg>
<doc>Returns the given values which can then be assigned to a variables.</doc>
<msg timestamp="20230422 13:35:16.139" level="FAIL">Resolving variable '${dummy_block_waveform.encode('utf-8')}' failed: AttributeError: 'bytes' object has no attribute 'encode'</msg>
<status status="FAIL" starttime="20230422 13:35:16.138" endtime="20230422 13:35:16.139"/>
</kw>
<for flavor="IN RANGE">
<var>${i}</var>
<value>100</value>
<iter>
<var name="${i}"/>
<kw name="Send" library="TCPStream">
<arg>${ventilator_connections}[${i}]</arg>
<arg>${encoded_dummy_block_waveform}</arg>
<status status="NOT RUN" starttime="20230422 13:35:16.139" endtime="20230422 13:35:16.139"/>
</kw>
<status status="NOT RUN" starttime="20230422 13:35:16.139" endtime="20230422 13:35:16.139"/>
</iter>
<status status="NOT RUN" starttime="20230422 13:35:16.139" endtime="20230422 13:35:16.140"/>
</for>
<for flavor="IN RANGE">
<var>${i}</var>
<value>100</value>
<iter>
<var name="${i}"/>
<kw name="receive string from zmq">
<var>${recvd}</var>
<arg>3000</arg>
<status status="NOT RUN" starttime="20230422 13:35:16.142" endtime="20230422 13:35:16.142"/>
</kw>
<kw name="Log" library="BuiltIn">
<arg>Received string: ${recvd}</arg>
<doc>Logs the given message with the given level.</doc>
<status status="NOT RUN" starttime="20230422 13:35:16.142" endtime="20230422 13:35:16.142"/>
</kw>
<kw name="Waveform Messages Are Equal" library="JSONCloudMsg">
<var>${res}</var>
<arg>${recvd}</arg>
<arg>${dummy_cloud_waveform}</arg>
<status status="NOT RUN" starttime="20230422 13:35:16.142" endtime="20230422 13:35:16.142"/>
</kw>
<kw name="Should Be True" library="BuiltIn">
<arg>${res}</arg>
<doc>Fails if the given condition is not true.</doc>
<status status="NOT RUN" starttime="20230422 13:35:16.143" endtime="20230422 13:35:16.143"/>
</kw>
<status status="NOT RUN" starttime="20230422 13:35:16.140" endtime="20230422 13:35:16.143"/>
</iter>
<status status="NOT RUN" starttime="20230422 13:35:16.140" endtime="20230422 13:35:16.143"/>
</for>
<status status="FAIL" starttime="20230422 13:35:15.816" endtime="20230422 13:35:16.143">Resolving variable '${dummy_block_waveform.encode('utf-8')}' failed: AttributeError: 'bytes' object has no attribute 'encode'</status>
</test>
<doc>Gateway Integration tests with 100 ventilator connections for scalability</doc>
<status status="FAIL" starttime="20230422 13:35:15.767" endtime="20230422 13:35:16.144"/>
</suite>
<statistics>
<total>
<stat pass="0" fail="1" skip="0">All Tests</stat>
</total>
<tag>
</tag>
<suite>
<stat pass="0" fail="1" skip="0" id="s1" name="Multiple Vent">Multiple Vent</stat>
</suite>
</statistics>
<errors>
</errors>
</robot>
