<?xml version="1.0" encoding="UTF-8"?>
<robot generator="Robot 6.0.2 (Python 3.9.0 on win32)" generated="20230313 14:57:49.091" rpa="false" schemaversion="3">
<suite id="s1" name="Suites">
<suite id="s1-s1" name="RegistrationTest" source="C:\Users\KloverCloud\PycharmProjects\Robot_Framework_With_Python\Basic\POM\TestCases\RegistrationTest.robot">
<test id="s1-s1-t1" name="registrationTest" line="14">
<kw name="open the Browser" library="RegistrationPage">
<arg>${SiteUrl}</arg>
<arg>${Browser}</arg>
<kw name="Open Browser" library="SeleniumLibrary">
<arg>${SiteUrl}</arg>
<arg>${Browser}</arg>
<doc>Opens a new browser instance to the optional ``url``.</doc>
<msg timestamp="20230313 14:57:49.263" level="INFO">Opening browser 'chrome' to base url 'https://demo.guru99.com/test/newtours/'.</msg>
<status status="PASS" starttime="20230313 14:57:49.263" endtime="20230313 14:57:54.526"/>
</kw>
<kw name="Maximize Browser Window" library="SeleniumLibrary">
<doc>Maximizes current browser window.</doc>
<status status="PASS" starttime="20230313 14:57:54.527" endtime="20230313 14:57:54.654"/>
</kw>
<status status="PASS" starttime="20230313 14:57:49.263" endtime="20230313 14:57:54.654"/>
</kw>
<kw name="Sleep" library="BuiltIn">
<arg>3</arg>
<doc>Pauses the test executed for the given time.</doc>
<msg timestamp="20230313 14:57:57.656" level="INFO">Slept 3 seconds</msg>
<status status="PASS" starttime="20230313 14:57:54.655" endtime="20230313 14:57:57.656"/>
</kw>
<kw name="Click Register Link" library="RegistrationPage">
<kw name="Click Element" library="SeleniumLibrary">
<arg>${link_reg}</arg>
<doc>Click the element identified by ``locator``.</doc>
<msg timestamp="20230313 14:57:57.658" level="INFO">Clicking element 'xpath://a[normalize-space()='REGISTER']'.</msg>
<status status="PASS" starttime="20230313 14:57:57.657" endtime="20230313 14:58:00.367"/>
</kw>
<status status="PASS" starttime="20230313 14:57:57.656" endtime="20230313 14:58:00.367"/>
</kw>
<kw name="Sleep" library="BuiltIn">
<arg>1</arg>
<doc>Pauses the test executed for the given time.</doc>
<msg timestamp="20230313 14:58:01.373" level="INFO">Slept 1 second</msg>
<status status="PASS" starttime="20230313 14:58:00.367" endtime="20230313 14:58:01.373"/>
</kw>
<kw name="Enter FirstName" library="RegistrationPage">
<arg>David</arg>
<kw name="Input Text" library="SeleniumLibrary">
<arg>${txt_firstName}</arg>
<arg>${FirstName}</arg>
<doc>Types the given ``text`` into the text field identified by ``locator``.</doc>
<msg timestamp="20230313 14:58:01.376" level="INFO">Typing text 'David' into text field 'name:firstName'.</msg>
<status status="PASS" starttime="20230313 14:58:01.375" endtime="20230313 14:58:01.479"/>
</kw>
<status status="PASS" starttime="20230313 14:58:01.374" endtime="20230313 14:58:01.479"/>
</kw>
<kw name="Enter LastName" library="RegistrationPage">
<arg>Vilen</arg>
<kw name="Input Text" library="SeleniumLibrary">
<arg>${txt_lastName}</arg>
<arg>${LastName}</arg>
<doc>Types the given ``text`` into the text field identified by ``locator``.</doc>
<msg timestamp="20230313 14:58:01.480" level="INFO">Typing text 'Vilen' into text field 'name:lastName'.</msg>
<status status="PASS" starttime="20230313 14:58:01.480" endtime="20230313 14:58:01.566"/>
</kw>
<status status="PASS" starttime="20230313 14:58:01.479" endtime="20230313 14:58:01.566"/>
</kw>
<kw name="Enter Phone" library="RegistrationPage">
<arg>147891035</arg>
<kw name="Input Text" library="SeleniumLibrary">
<arg>${txt_phone}</arg>
<arg>${phone}</arg>
<doc>Types the given ``text`` into the text field identified by ``locator``.</doc>
<msg timestamp="20230313 14:58:01.567" level="INFO">Typing text '147891035' into text field 'name:phone'.</msg>
<status status="PASS" starttime="20230313 14:58:01.567" endtime="20230313 14:58:01.661"/>
</kw>
<status status="PASS" starttime="20230313 14:58:01.566" endtime="20230313 14:58:01.661"/>
</kw>
<kw name="Enter Email" library="RegistrationPage">
<arg>test@gmail.com</arg>
<kw name="Input Text" library="SeleniumLibrary">
<arg>${txt_email}</arg>
<arg>${email}</arg>
<doc>Types the given ``text`` into the text field identified by ``locator``.</doc>
<msg timestamp="20230313 14:58:01.662" level="INFO">Typing text 'test@gmail.com' into text field 'name:userName'.</msg>
<status status="PASS" starttime="20230313 14:58:01.662" endtime="20230313 14:58:01.757"/>
</kw>
<status status="PASS" starttime="20230313 14:58:01.661" endtime="20230313 14:58:01.757"/>
</kw>
<kw name="Enter Adress1" library="RegistrationPage">
<arg>14627/opos</arg>
<kw name="Input Text" library="SeleniumLibrary">
<arg>${txt_add1}</arg>
<arg>${address1}</arg>
<doc>Types the given ``text`` into the text field identified by ``locator``.</doc>
<msg timestamp="20230313 14:58:01.758" level="INFO">Typing text '14627/opos' into text field 'name:address1'.</msg>
<status status="PASS" starttime="20230313 14:58:01.757" endtime="20230313 14:58:01.848"/>
</kw>
<status status="PASS" starttime="20230313 14:58:01.757" endtime="20230313 14:58:01.848"/>
</kw>
<kw name="Enter City" library="RegistrationPage">
<arg>canada</arg>
<kw name="Input Text" library="SeleniumLibrary">
<arg>${txt_city}</arg>
<arg>${city}</arg>
<doc>Types the given ``text`` into the text field identified by ``locator``.</doc>
<msg timestamp="20230313 14:58:01.849" level="INFO">Typing text 'canada' into text field 'name:city'.</msg>
<status status="PASS" starttime="20230313 14:58:01.849" endtime="20230313 14:58:01.932"/>
</kw>
<status status="PASS" starttime="20230313 14:58:01.848" endtime="20230313 14:58:01.932"/>
</kw>
<kw name="Enter State" library="RegistrationPage">
<arg>johnxyz</arg>
<kw name="Input Text" library="SeleniumLibrary">
<arg>${txt_state}</arg>
<arg>${state}</arg>
<doc>Types the given ``text`` into the text field identified by ``locator``.</doc>
<msg timestamp="20230313 14:58:01.933" level="INFO">Typing text 'johnxyz' into text field 'name:state'.</msg>
<status status="PASS" starttime="20230313 14:58:01.933" endtime="20230313 14:58:02.031"/>
</kw>
<status status="PASS" starttime="20230313 14:58:01.932" endtime="20230313 14:58:02.031"/>
</kw>
<kw name="Enter Postcode" library="RegistrationPage">
<arg>1212/21</arg>
<kw name="Input Text" library="SeleniumLibrary">
<arg>${txt_postCode}</arg>
<arg>${postcode}</arg>
<doc>Types the given ``text`` into the text field identified by ``locator``.</doc>
<msg timestamp="20230313 14:58:02.032" level="INFO">Typing text '1212/21' into text field 'name=postalCode'.</msg>
<status status="PASS" starttime="20230313 14:58:02.032" endtime="20230313 14:58:02.118"/>
</kw>
<status status="PASS" starttime="20230313 14:58:02.031" endtime="20230313 14:58:02.118"/>
</kw>
<kw name="Enter Password" library="RegistrationPage">
<arg>johnxyz</arg>
<kw name="Input Text" library="SeleniumLibrary">
<arg>${txt_Password}</arg>
<arg>${password}</arg>
<doc>Types the given ``text`` into the text field identified by ``locator``.</doc>
<msg timestamp="20230313 14:58:02.119" level="INFO">Typing text 'johnxyz' into text field 'name:password'.</msg>
<status status="PASS" starttime="20230313 14:58:02.118" endtime="20230313 14:58:02.207"/>
</kw>
<status status="PASS" starttime="20230313 14:58:02.118" endtime="20230313 14:58:02.207"/>
</kw>
<kw name="Enter ConfirmPassword" library="RegistrationPage">
<arg>johnxyz</arg>
<kw name="Input Text" library="SeleniumLibrary">
<arg>${txt_conformedPassword}</arg>
<arg>${ConfirmPassword}</arg>
<doc>Types the given ``text`` into the text field identified by ``locator``.</doc>
<msg timestamp="20230313 14:58:02.210" level="INFO">Typing text 'johnxyz' into text field 'name:confirmPassword'.</msg>
<status status="PASS" starttime="20230313 14:58:02.210" endtime="20230313 14:58:02.297"/>
</kw>
<status status="PASS" starttime="20230313 14:58:02.207" endtime="20230313 14:58:02.297"/>
</kw>
<kw name="Click Submit" library="RegistrationPage">
<kw name="Click Button" library="SeleniumLibrary">
<arg>${btn_submit}</arg>
<doc>Clicks the button identified by ``locator``.</doc>
<msg timestamp="20230313 14:58:02.298" level="INFO">Clicking button 'xpath://input[@name='submit']'.</msg>
<status status="PASS" starttime="20230313 14:58:02.298" endtime="20230313 14:58:05.982"/>
</kw>
<status status="PASS" starttime="20230313 14:58:02.297" endtime="20230313 14:58:05.983"/>
</kw>
<kw name="Sleep" library="BuiltIn">
<arg>3</arg>
<doc>Pauses the test executed for the given time.</doc>
<msg timestamp="20230313 14:58:09.000" level="INFO">Slept 3 seconds</msg>
<status status="PASS" starttime="20230313 14:58:05.983" endtime="20230313 14:58:09.000"/>
</kw>
<kw name="Verify Successful login" library="RegistrationPage">
<kw name="Title Should Be" library="SeleniumLibrary">
<arg>Register: Mercury Tours</arg>
<doc>Verifies that the current page title equals ``title``.</doc>
<msg timestamp="20230313 14:58:09.017" level="INFO">Page title is 'Register: Mercury Tours'.</msg>
<status status="PASS" starttime="20230313 14:58:09.000" endtime="20230313 14:58:09.017"/>
</kw>
<status status="PASS" starttime="20230313 14:58:09.000" endtime="20230313 14:58:09.017"/>
</kw>
<kw name="Sleep" library="BuiltIn">
<arg>3</arg>
<doc>Pauses the test executed for the given time.</doc>
<msg timestamp="20230313 14:58:12.025" level="INFO">Slept 3 seconds</msg>
<status status="PASS" starttime="20230313 14:58:09.017" endtime="20230313 14:58:12.025"/>
</kw>
<kw name="close my browser" library="RegistrationPage">
<kw name="Close All Browsers" library="SeleniumLibrary">
<doc>Closes all open browsers and resets the browser cache.</doc>
<status status="PASS" starttime="20230313 14:58:12.025" endtime="20230313 14:58:18.181"/>
</kw>
<status status="PASS" starttime="20230313 14:58:12.025" endtime="20230313 14:58:18.181"/>
</kw>
<status status="PASS" starttime="20230313 14:57:49.263" endtime="20230313 14:58:18.181"/>
</test>
<status status="PASS" starttime="20230313 14:57:49.106" endtime="20230313 14:58:18.181"/>
</suite>
<status status="PASS" starttime="20230313 14:57:49.091" endtime="20230313 14:58:18.181"/>
</suite>
<statistics>
<total>
<stat pass="1" fail="0" skip="0">All Tests</stat>
</total>
<tag>
</tag>
<suite>
<stat pass="1" fail="0" skip="0" id="s1" name="Suites">Suites</stat>
<stat pass="1" fail="0" skip="0" id="s1-s1" name="RegistrationTest">Suites.RegistrationTest</stat>
</suite>
</statistics>
<errors>
</errors>
</robot>
