<?xml version="1.0" encoding="UTF-8"?>
<robot generator="Rebot 6.0.2 (Python 3.9.0 on win32)" generated="20230313 15:09:49.422" rpa="false" schemaversion="3">
<suite id="s1" name="Suites">
<suite id="s1-s1" name="LoginTest" source="C:\Users\KloverCloud\PycharmProjects\Robot_Framework_With_Python\Basic\POM\TestCases\LoginTest.robot">
<test id="s1-s1-t1" name="LoginTest" line="15">
<kw name="open the Browser" library="loginKeywords">
<arg>${SiteUrl}</arg>
<arg>${Browser}</arg>
<kw name="Open Browser" library="SeleniumLibrary">
<arg>${SiteUrl}</arg>
<arg>${Browser}</arg>
<doc>Opens a new browser instance to the optional ``url``.</doc>
<msg timestamp="20230313 15:09:21.658" level="INFO">Opening browser 'chrome' to base url 'https://demo.guru99.com/test/newtours/'.</msg>
<status status="PASS" starttime="20230313 15:09:21.658" endtime="20230313 15:09:26.282"/>
</kw>
<kw name="Maximize Browser Window" library="SeleniumLibrary">
<doc>Maximizes current browser window.</doc>
<status status="PASS" starttime="20230313 15:09:26.282" endtime="20230313 15:09:26.411"/>
</kw>
<status status="PASS" starttime="20230313 15:09:21.657" endtime="20230313 15:09:26.411"/>
</kw>
<kw name="Sleep" library="BuiltIn">
<arg>3</arg>
<doc>Pauses the test executed for the given time.</doc>
<msg timestamp="20230313 15:09:29.413" level="INFO">Slept 3 seconds</msg>
<status status="PASS" starttime="20230313 15:09:26.412" endtime="20230313 15:09:29.413"/>
</kw>
<kw name="Enter UserName" library="loginKeywords">
<arg>${user}</arg>
<kw name="Input Text" library="SeleniumLibrary">
<arg>${txt_LoginUserName}</arg>
<arg>${username}</arg>
<doc>Types the given ``text`` into the text field identified by ``locator``.</doc>
<msg timestamp="20230313 15:09:29.414" level="INFO">Typing text 'tutorial' into text field 'name:userName'.</msg>
<status status="PASS" starttime="20230313 15:09:29.413" endtime="20230313 15:09:29.552"/>
</kw>
<status status="PASS" starttime="20230313 15:09:29.413" endtime="20230313 15:09:29.552"/>
</kw>
<kw name="Sleep" library="BuiltIn">
<arg>1</arg>
<doc>Pauses the test executed for the given time.</doc>
<msg timestamp="20230313 15:09:30.562" level="INFO">Slept 1 second</msg>
<status status="PASS" starttime="20230313 15:09:29.552" endtime="20230313 15:09:30.562"/>
</kw>
<kw name="Enter Password" library="loginKeywords">
<arg>${pwd}</arg>
<kw name="Input Text" library="SeleniumLibrary">
<arg>${txt_LoginPassword}</arg>
<arg>${password}</arg>
<doc>Types the given ``text`` into the text field identified by ``locator``.</doc>
<msg timestamp="20230313 15:09:30.564" level="INFO">Typing text 'tutorial' into text field 'name:password'.</msg>
<status status="PASS" starttime="20230313 15:09:30.563" endtime="20230313 15:09:30.646"/>
</kw>
<status status="PASS" starttime="20230313 15:09:30.562" endtime="20230313 15:09:30.647"/>
</kw>
<kw name="Sleep" library="BuiltIn">
<arg>1</arg>
<doc>Pauses the test executed for the given time.</doc>
<msg timestamp="20230313 15:09:31.653" level="INFO">Slept 1 second</msg>
<status status="PASS" starttime="20230313 15:09:30.647" endtime="20230313 15:09:31.653"/>
</kw>
<kw name="Click SignIn" library="loginKeywords">
<kw name="Click Button" library="SeleniumLibrary">
<arg>${btn_signIn}</arg>
<doc>Clicks the button identified by ``locator``.</doc>
<msg timestamp="20230313 15:09:31.656" level="INFO">Clicking button 'xpath://input[@name='submit']'.</msg>
<status status="PASS" starttime="20230313 15:09:31.655" endtime="20230313 15:09:33.916"/>
</kw>
<status status="PASS" starttime="20230313 15:09:31.653" endtime="20230313 15:09:33.916"/>
</kw>
<kw name="Sleep" library="BuiltIn">
<arg>3</arg>
<doc>Pauses the test executed for the given time.</doc>
<msg timestamp="20230313 15:09:36.921" level="INFO">Slept 3 seconds</msg>
<status status="PASS" starttime="20230313 15:09:33.916" endtime="20230313 15:09:36.921"/>
</kw>
<kw name="Verify Successful login" library="loginKeywords">
<kw name="Title Should Be" library="SeleniumLibrary">
<arg>Login: Mercury Tours</arg>
<doc>Verifies that the current page title equals ``title``.</doc>
<msg timestamp="20230313 15:09:36.929" level="INFO">Page title is 'Login: Mercury Tours'.</msg>
<status status="PASS" starttime="20230313 15:09:36.922" endtime="20230313 15:09:36.929"/>
</kw>
<status status="PASS" starttime="20230313 15:09:36.921" endtime="20230313 15:09:36.930"/>
</kw>
<kw name="close my browser" library="loginKeywords">
<kw name="Close All Browsers" library="SeleniumLibrary">
<doc>Closes all open browsers and resets the browser cache.</doc>
<status status="PASS" starttime="20230313 15:09:36.930" endtime="20230313 15:09:43.126"/>
</kw>
<status status="PASS" starttime="20230313 15:09:36.930" endtime="20230313 15:09:43.126"/>
</kw>
<status status="PASS" starttime="20230313 15:09:21.657" endtime="20230313 15:09:43.126"/>
</test>
<status status="PASS" starttime="20230313 15:09:21.439" endtime="20230313 15:09:43.126"/>
</suite>
<suite id="s1-s2" name="RegistrationTest" source="C:\Users\KloverCloud\PycharmProjects\Robot_Framework_With_Python\Basic\POM\TestCases\RegistrationTest.robot">
<test id="s1-s2-t1" name="registrationTest" line="14">
<kw name="open the Browser" library="RegistrationPage">
<arg>${SiteUrl}</arg>
<arg>${Browser}</arg>
<kw name="Open Browser" library="SeleniumLibrary">
<arg>${SiteUrl}</arg>
<arg>${Browser}</arg>
<doc>Opens a new browser instance to the optional ``url``.</doc>
<msg timestamp="20230313 15:09:21.658" level="INFO">Opening browser 'chrome' to base url 'https://demo.guru99.com/test/newtours/'.</msg>
<status status="PASS" starttime="20230313 15:09:21.658" endtime="20230313 15:09:26.714"/>
</kw>
<kw name="Maximize Browser Window" library="SeleniumLibrary">
<doc>Maximizes current browser window.</doc>
<status status="PASS" starttime="20230313 15:09:26.714" endtime="20230313 15:09:26.841"/>
</kw>
<status status="PASS" starttime="20230313 15:09:21.658" endtime="20230313 15:09:26.841"/>
</kw>
<kw name="Sleep" library="BuiltIn">
<arg>3</arg>
<doc>Pauses the test executed for the given time.</doc>
<msg timestamp="20230313 15:09:29.845" level="INFO">Slept 3 seconds</msg>
<status status="PASS" starttime="20230313 15:09:26.841" endtime="20230313 15:09:29.845"/>
</kw>
<kw name="Click Register Link" library="RegistrationPage">
<kw name="Click Element" library="SeleniumLibrary">
<arg>${link_reg}</arg>
<doc>Click the element identified by ``locator``.</doc>
<msg timestamp="20230313 15:09:29.847" level="INFO">Clicking element 'xpath://a[normalize-space()='REGISTER']'.</msg>
<status status="PASS" starttime="20230313 15:09:29.846" endtime="20230313 15:09:31.961"/>
</kw>
<status status="PASS" starttime="20230313 15:09:29.845" endtime="20230313 15:09:31.961"/>
</kw>
<kw name="Sleep" library="BuiltIn">
<arg>1</arg>
<doc>Pauses the test executed for the given time.</doc>
<msg timestamp="20230313 15:09:32.962" level="INFO">Slept 1 second</msg>
<status status="PASS" starttime="20230313 15:09:31.961" endtime="20230313 15:09:32.962"/>
</kw>
<kw name="Enter FirstName" library="RegistrationPage">
<arg>David</arg>
<kw name="Input Text" library="SeleniumLibrary">
<arg>${txt_firstName}</arg>
<arg>${FirstName}</arg>
<doc>Types the given ``text`` into the text field identified by ``locator``.</doc>
<msg timestamp="20230313 15:09:32.964" level="INFO">Typing text 'David' into text field 'name:firstName'.</msg>
<status status="PASS" starttime="20230313 15:09:32.963" endtime="20230313 15:09:33.067"/>
</kw>
<status status="PASS" starttime="20230313 15:09:32.962" endtime="20230313 15:09:33.067"/>
</kw>
<kw name="Enter LastName" library="RegistrationPage">
<arg>Vilen</arg>
<kw name="Input Text" library="SeleniumLibrary">
<arg>${txt_lastName}</arg>
<arg>${LastName}</arg>
<doc>Types the given ``text`` into the text field identified by ``locator``.</doc>
<msg timestamp="20230313 15:09:33.069" level="INFO">Typing text 'Vilen' into text field 'name:lastName'.</msg>
<status status="PASS" starttime="20230313 15:09:33.068" endtime="20230313 15:09:33.156"/>
</kw>
<status status="PASS" starttime="20230313 15:09:33.068" endtime="20230313 15:09:33.156"/>
</kw>
<kw name="Enter Phone" library="RegistrationPage">
<arg>147891035</arg>
<kw name="Input Text" library="SeleniumLibrary">
<arg>${txt_phone}</arg>
<arg>${phone}</arg>
<doc>Types the given ``text`` into the text field identified by ``locator``.</doc>
<msg timestamp="20230313 15:09:33.157" level="INFO">Typing text '147891035' into text field 'name:phone'.</msg>
<status status="PASS" starttime="20230313 15:09:33.157" endtime="20230313 15:09:33.252"/>
</kw>
<status status="PASS" starttime="20230313 15:09:33.156" endtime="20230313 15:09:33.253"/>
</kw>
<kw name="Enter Email" library="RegistrationPage">
<arg>test@gmail.com</arg>
<kw name="Input Text" library="SeleniumLibrary">
<arg>${txt_email}</arg>
<arg>${email}</arg>
<doc>Types the given ``text`` into the text field identified by ``locator``.</doc>
<msg timestamp="20230313 15:09:33.254" level="INFO">Typing text 'test@gmail.com' into text field 'name:userName'.</msg>
<status status="PASS" starttime="20230313 15:09:33.253" endtime="20230313 15:09:33.332"/>
</kw>
<status status="PASS" starttime="20230313 15:09:33.253" endtime="20230313 15:09:33.332"/>
</kw>
<kw name="Enter Adress1" library="RegistrationPage">
<arg>14627/opos</arg>
<kw name="Input Text" library="SeleniumLibrary">
<arg>${txt_add1}</arg>
<arg>${address1}</arg>
<doc>Types the given ``text`` into the text field identified by ``locator``.</doc>
<msg timestamp="20230313 15:09:33.333" level="INFO">Typing text '14627/opos' into text field 'name:address1'.</msg>
<status status="PASS" starttime="20230313 15:09:33.333" endtime="20230313 15:09:33.409"/>
</kw>
<status status="PASS" starttime="20230313 15:09:33.332" endtime="20230313 15:09:33.410"/>
</kw>
<kw name="Enter City" library="RegistrationPage">
<arg>canada</arg>
<kw name="Input Text" library="SeleniumLibrary">
<arg>${txt_city}</arg>
<arg>${city}</arg>
<doc>Types the given ``text`` into the text field identified by ``locator``.</doc>
<msg timestamp="20230313 15:09:33.411" level="INFO">Typing text 'canada' into text field 'name:city'.</msg>
<status status="PASS" starttime="20230313 15:09:33.410" endtime="20230313 15:09:33.494"/>
</kw>
<status status="PASS" starttime="20230313 15:09:33.410" endtime="20230313 15:09:33.494"/>
</kw>
<kw name="Enter State" library="RegistrationPage">
<arg>johnxyz</arg>
<kw name="Input Text" library="SeleniumLibrary">
<arg>${txt_state}</arg>
<arg>${state}</arg>
<doc>Types the given ``text`` into the text field identified by ``locator``.</doc>
<msg timestamp="20230313 15:09:33.495" level="INFO">Typing text 'johnxyz' into text field 'name:state'.</msg>
<status status="PASS" starttime="20230313 15:09:33.495" endtime="20230313 15:09:33.607"/>
</kw>
<status status="PASS" starttime="20230313 15:09:33.495" endtime="20230313 15:09:33.607"/>
</kw>
<kw name="Enter Postcode" library="RegistrationPage">
<arg>1212/21</arg>
<kw name="Input Text" library="SeleniumLibrary">
<arg>${txt_postCode}</arg>
<arg>${postcode}</arg>
<doc>Types the given ``text`` into the text field identified by ``locator``.</doc>
<msg timestamp="20230313 15:09:33.608" level="INFO">Typing text '1212/21' into text field 'name=postalCode'.</msg>
<status status="PASS" starttime="20230313 15:09:33.607" endtime="20230313 15:09:33.703"/>
</kw>
<status status="PASS" starttime="20230313 15:09:33.607" endtime="20230313 15:09:33.703"/>
</kw>
<kw name="Enter Password" library="RegistrationPage">
<arg>johnxyz</arg>
<kw name="Input Text" library="SeleniumLibrary">
<arg>${txt_Password}</arg>
<arg>${password}</arg>
<doc>Types the given ``text`` into the text field identified by ``locator``.</doc>
<msg timestamp="20230313 15:09:33.705" level="INFO">Typing text 'johnxyz' into text field 'name:password'.</msg>
<status status="PASS" starttime="20230313 15:09:33.704" endtime="20230313 15:09:33.793"/>
</kw>
<status status="PASS" starttime="20230313 15:09:33.703" endtime="20230313 15:09:33.793"/>
</kw>
<kw name="Enter ConfirmPassword" library="RegistrationPage">
<arg>johnxyz</arg>
<kw name="Input Text" library="SeleniumLibrary">
<arg>${txt_conformedPassword}</arg>
<arg>${ConfirmPassword}</arg>
<doc>Types the given ``text`` into the text field identified by ``locator``.</doc>
<msg timestamp="20230313 15:09:33.795" level="INFO">Typing text 'johnxyz' into text field 'name:confirmPassword'.</msg>
<status status="PASS" starttime="20230313 15:09:33.794" endtime="20230313 15:09:33.872"/>
</kw>
<status status="PASS" starttime="20230313 15:09:33.793" endtime="20230313 15:09:33.872"/>
</kw>
<kw name="Click Submit" library="RegistrationPage">
<kw name="Click Button" library="SeleniumLibrary">
<arg>${btn_submit}</arg>
<doc>Clicks the button identified by ``locator``.</doc>
<msg timestamp="20230313 15:09:33.873" level="INFO">Clicking button 'xpath://input[@name='submit']'.</msg>
<status status="PASS" starttime="20230313 15:09:33.872" endtime="20230313 15:09:37.019"/>
</kw>
<status status="PASS" starttime="20230313 15:09:33.872" endtime="20230313 15:09:37.019"/>
</kw>
<kw name="Sleep" library="BuiltIn">
<arg>3</arg>
<doc>Pauses the test executed for the given time.</doc>
<msg timestamp="20230313 15:09:40.031" level="INFO">Slept 3 seconds</msg>
<status status="PASS" starttime="20230313 15:09:37.019" endtime="20230313 15:09:40.032"/>
</kw>
<kw name="Verify Successful login" library="RegistrationPage">
<kw name="Title Should Be" library="SeleniumLibrary">
<arg>Register: Mercury Tours</arg>
<doc>Verifies that the current page title equals ``title``.</doc>
<msg timestamp="20230313 15:09:40.034" level="INFO">Page title is 'Register: Mercury Tours'.</msg>
<status status="PASS" starttime="20230313 15:09:40.032" endtime="20230313 15:09:40.034"/>
</kw>
<status status="PASS" starttime="20230313 15:09:40.032" endtime="20230313 15:09:40.034"/>
</kw>
<kw name="Sleep" library="BuiltIn">
<arg>3</arg>
<doc>Pauses the test executed for the given time.</doc>
<msg timestamp="20230313 15:09:43.038" level="INFO">Slept 3 seconds</msg>
<status status="PASS" starttime="20230313 15:09:40.034" endtime="20230313 15:09:43.038"/>
</kw>
<kw name="close my browser" library="RegistrationPage">
<kw name="Close All Browsers" library="SeleniumLibrary">
<doc>Closes all open browsers and resets the browser cache.</doc>
<status status="PASS" starttime="20230313 15:09:43.039" endtime="20230313 15:09:49.185"/>
</kw>
<status status="PASS" starttime="20230313 15:09:43.038" endtime="20230313 15:09:49.185"/>
</kw>
<status status="PASS" starttime="20230313 15:09:21.658" endtime="20230313 15:09:49.185"/>
</test>
<status status="PASS" starttime="20230313 15:09:21.439" endtime="20230313 15:09:49.185"/>
</suite>
<doc>[https://pabot.org/?ref=log|Pabot] result from 2 executions.</doc>
<status status="PASS" starttime="20230313 15:09:21.419" endtime="20230313 15:09:49.195"/>
</suite>
<statistics>
<total>
<stat pass="2" fail="0" skip="0">All Tests</stat>
</total>
<tag>
</tag>
<suite>
<stat pass="2" fail="0" skip="0" id="s1" name="Suites">Suites</stat>
<stat pass="1" fail="0" skip="0" id="s1-s1" name="LoginTest">Suites.LoginTest</stat>
<stat pass="1" fail="0" skip="0" id="s1-s2" name="RegistrationTest">Suites.RegistrationTest</stat>
</suite>
</statistics>
<errors>
</errors>
</robot>
