<?xml version="1.0" encoding="UTF-8"?>
<robot generator="Robot 6.0.2 (Python 3.9.0 on win32)" generated="20230313 15:09:21.414" rpa="false" schemaversion="3">
<suite id="s1" name="Suites">
<suite id="s1-s1" name="LoginTest" source="C:\Users\KloverCloud\PycharmProjects\Robot_Framework_With_Python\Basic\POM\TestCases\LoginTest.robot">
<test id="s1-s1-t1" name="LoginTest" line="15">
<kw name="open the Browser" library="loginKeywords">
<arg>${SiteUrl}</arg>
<arg>${Browser}</arg>
<kw name="Open Browser" library="SeleniumLibrary">
<arg>${SiteUrl}</arg>
<arg>${Browser}</arg>
<doc>Opens a new browser instance to the optional ``url``.</doc>
<msg timestamp="20230313 15:09:21.658" level="INFO">Opening browser 'chrome' to base url 'https://demo.guru99.com/test/newtours/'.</msg>
<status status="PASS" starttime="20230313 15:09:21.658" endtime="20230313 15:09:26.282"/>
</kw>
<kw name="Maximize Browser Window" library="SeleniumLibrary">
<doc>Maximizes current browser window.</doc>
<status status="PASS" starttime="20230313 15:09:26.282" endtime="20230313 15:09:26.411"/>
</kw>
<status status="PASS" starttime="20230313 15:09:21.657" endtime="20230313 15:09:26.411"/>
</kw>
<kw name="Sleep" library="BuiltIn">
<arg>3</arg>
<doc>Pauses the test executed for the given time.</doc>
<msg timestamp="20230313 15:09:29.413" level="INFO">Slept 3 seconds</msg>
<status status="PASS" starttime="20230313 15:09:26.412" endtime="20230313 15:09:29.413"/>
</kw>
<kw name="Enter UserName" library="loginKeywords">
<arg>${user}</arg>
<kw name="Input Text" library="SeleniumLibrary">
<arg>${txt_LoginUserName}</arg>
<arg>${username}</arg>
<doc>Types the given ``text`` into the text field identified by ``locator``.</doc>
<msg timestamp="20230313 15:09:29.414" level="INFO">Typing text 'tutorial' into text field 'name:userName'.</msg>
<status status="PASS" starttime="20230313 15:09:29.413" endtime="20230313 15:09:29.552"/>
</kw>
<status status="PASS" starttime="20230313 15:09:29.413" endtime="20230313 15:09:29.552"/>
</kw>
<kw name="Sleep" library="BuiltIn">
<arg>1</arg>
<doc>Pauses the test executed for the given time.</doc>
<msg timestamp="20230313 15:09:30.562" level="INFO">Slept 1 second</msg>
<status status="PASS" starttime="20230313 15:09:29.552" endtime="20230313 15:09:30.562"/>
</kw>
<kw name="Enter Password" library="loginKeywords">
<arg>${pwd}</arg>
<kw name="Input Text" library="SeleniumLibrary">
<arg>${txt_LoginPassword}</arg>
<arg>${password}</arg>
<doc>Types the given ``text`` into the text field identified by ``locator``.</doc>
<msg timestamp="20230313 15:09:30.564" level="INFO">Typing text 'tutorial' into text field 'name:password'.</msg>
<status status="PASS" starttime="20230313 15:09:30.563" endtime="20230313 15:09:30.646"/>
</kw>
<status status="PASS" starttime="20230313 15:09:30.562" endtime="20230313 15:09:30.647"/>
</kw>
<kw name="Sleep" library="BuiltIn">
<arg>1</arg>
<doc>Pauses the test executed for the given time.</doc>
<msg timestamp="20230313 15:09:31.653" level="INFO">Slept 1 second</msg>
<status status="PASS" starttime="20230313 15:09:30.647" endtime="20230313 15:09:31.653"/>
</kw>
<kw name="Click SignIn" library="loginKeywords">
<kw name="Click Button" library="SeleniumLibrary">
<arg>${btn_signIn}</arg>
<doc>Clicks the button identified by ``locator``.</doc>
<msg timestamp="20230313 15:09:31.656" level="INFO">Clicking button 'xpath://input[@name='submit']'.</msg>
<status status="PASS" starttime="20230313 15:09:31.655" endtime="20230313 15:09:33.916"/>
</kw>
<status status="PASS" starttime="20230313 15:09:31.653" endtime="20230313 15:09:33.916"/>
</kw>
<kw name="Sleep" library="BuiltIn">
<arg>3</arg>
<doc>Pauses the test executed for the given time.</doc>
<msg timestamp="20230313 15:09:36.921" level="INFO">Slept 3 seconds</msg>
<status status="PASS" starttime="20230313 15:09:33.916" endtime="20230313 15:09:36.921"/>
</kw>
<kw name="Verify Successful login" library="loginKeywords">
<kw name="Title Should Be" library="SeleniumLibrary">
<arg>Login: Mercury Tours</arg>
<doc>Verifies that the current page title equals ``title``.</doc>
<msg timestamp="20230313 15:09:36.929" level="INFO">Page title is 'Login: Mercury Tours'.</msg>
<status status="PASS" starttime="20230313 15:09:36.922" endtime="20230313 15:09:36.929"/>
</kw>
<status status="PASS" starttime="20230313 15:09:36.921" endtime="20230313 15:09:36.930"/>
</kw>
<kw name="close my browser" library="loginKeywords">
<kw name="Close All Browsers" library="SeleniumLibrary">
<doc>Closes all open browsers and resets the browser cache.</doc>
<status status="PASS" starttime="20230313 15:09:36.930" endtime="20230313 15:09:43.126"/>
</kw>
<status status="PASS" starttime="20230313 15:09:36.930" endtime="20230313 15:09:43.126"/>
</kw>
<status status="PASS" starttime="20230313 15:09:21.657" endtime="20230313 15:09:43.126"/>
</test>
<status status="PASS" starttime="20230313 15:09:21.439" endtime="20230313 15:09:43.126"/>
</suite>
<status status="PASS" starttime="20230313 15:09:21.419" endtime="20230313 15:09:43.126"/>
</suite>
<statistics>
<total>
<stat pass="1" fail="0" skip="0">All Tests</stat>
</total>
<tag>
</tag>
<suite>
<stat pass="1" fail="0" skip="0" id="s1" name="Suites">Suites</stat>
<stat pass="1" fail="0" skip="0" id="s1-s1" name="LoginTest">Suites.LoginTest</stat>
</suite>
</statistics>
<errors>
</errors>
</robot>
